#
# A fatal error has been detected by the Java Runtime Environment:
#
#  EXCEPTION_ACCESS_VIOLATION (0xc0000005) at pc=0x000002678bf7ada4, pid=4312, tid=14964
#
# JRE version: OpenJDK Runtime Environment Temurin-21.0.3+9 (21.0.3+9) (build 21.0.3+9-LTS)
# Java VM: OpenJDK 64-Bit Server VM Temurin-21.0.3+9 (21.0.3+9-LTS, mixed mode, emulated-client, tiered, compressed oops, compressed class ptrs, g1 gc, windows-amd64)
# Problematic frame:
# v  ~BufferBlob::MethodHandles adapters 0x000002678bf7ada4
#
# No core dump will be written. Minidumps are not enabled by default on client versions of Windows
#
# If you would like to submit a bug report, please visit:
#   https://github.com/adoptium/adoptium-support/issues
#

---------------  S U M M A R Y ------------

Command Line: -XX:+ShowCodeDetailsInExceptionMessages -agentlib:jdwp=transport=dt_socket,suspend=y,address=localhost:50120 -Dcom.sun.management.jmxremote -Dcom.sun.management.jmxremote.port=50119 -Dcom.sun.management.jmxremote.authenticate=false -Dcom.sun.management.jmxremote.ssl=false -Djava.rmi.server.hostname=localhost -Dspring.jmx.enabled=true -Dmanagement.endpoints.jmx.exposure.include=* -Dspring.application.admin.enabled=true -XX:TieredStopAtLevel=1 -Dspring.boot.project.name=javaApi -javaagent:C:\Users\rahul\Downloads\sts-4.24.0.RELEASE\configuration\org.eclipse.osgi\270\0\.cp\lib\javaagent-shaded.jar -Dfile.encoding=UTF-8 -Dstdout.encoding=UTF-8 -Dstderr.encoding=UTF-8 com.app.JavaApiApplication --spring.output.ansi.enabled=always

Host: 11th Gen Intel(R) Core(TM) i3-1115G4 @ 3.00GHz, 4 cores, 11G,  Windows 11 , 64 bit Build 22621 (10.0.22621.3672)
Time: Thu Aug  1 09:19:45 2024 India Standard Time elapsed time: 35776.696632 seconds (0d 9h 56m 16s)

---------------  T H R E A D  ---------------

Current thread (0x0000026799e47020):  JavaThread "http-nio-8080-exec-2" daemon [_thread_in_Java, id=14964, stack(0x0000007e85d00000,0x0000007e85e00000) (1024K)]

Stack: [0x0000007e85d00000,0x0000007e85e00000],  sp=0x0000007e85dfb808,  free space=1006k
Native frames: (J=compiled Java code, j=interpreted, Vv=VM code, C=native code)
C  0x000002678bf7ada4

The last pc belongs to _linkToVirtual (printed below).

siginfo: EXCEPTION_ACCESS_VIOLATION (0xc0000005), reading address 0x0000000fde4251eb


Registers:
RAX=0x000002678bf4958b, RBX=0x0000000748037d20, RCX=0x0000007e85dfb818, RDX=0x0000000000000003
RSP=0x0000007e85dfb808, RBP=0x0000007e85dfb860, RSI=0x000002679b83e808, RDI=0x000002679ac4f7a0
R8 =0x0000000000000004, R9 =0x0000000000000004, R10=0x0000000896360273, R11=0x00000000e90189b6
R12=0x0000000000000000, R13=0x0000007e85dfb808, R14=0x0000007e85dfb888, R15=0x0000026799e47020
RIP=0x000002678bf7ada4, EFLAGS=0x0000000000010202


Register to memory mapping:

RAX=0x000002678bf4958b is at code_begin+4363 in an Interpreter codelet
return entry points  [0x000002678bf48480, 0x000002678bf4a298]  7704 bytes
RBX=0x0000000748037d20 is an oop: com.app.dto.AuthRequest 
{0x0000000748037d20} - klass: 'com/app/dto/AuthRequest'
 - ---- fields (total size 3 words):
 - private 'email' 'Ljava/lang/String;' @12  "omkar"{0x00000007480c4d80} (0xe90189b0)
 - private 'password' 'Ljava/lang/String;' @16  "Omkar@123"{0x00000007480c4db0} (0xe90189b6)
RCX=0x0000007e85dfb818 is pointing into the stack for thread: 0x0000026799e47020
RDX=0x0000000000000003 is an unknown value
RSP=0x0000007e85dfb808 is pointing into the stack for thread: 0x0000026799e47020
RBP=0x0000007e85dfb860 is pointing into the stack for thread: 0x0000026799e47020
RSI=0x000002679b83e808 points into unknown readable memory: 0x88006928d2e453e6 | e6 53 e4 d2 28 69 00 88
RDI=0x000002679ac4f7a0 points into unknown readable memory: 0x0000002000000070 | 70 00 00 00 20 00 00 00
R8 =0x0000000000000004 is an unknown value
R9 =0x0000000000000004 is an unknown value
R10=0x0000000896360273 is an unknown value
R11=3909192118 is a compressed pointer to object: java.lang.String 
{0x00000007480c4db0} - klass: 'java/lang/String'
 - string: "Omkar@123"
 - ---- fields (total size 3 words):
 - private 'hash' 'I' @12  0 (0x00000000)
 - private final 'coder' 'B' @16  0 (0x00)
 - private 'hashIsZero' 'Z' @17  false (0x00)
 - injected 'flags' 'B' @18  0 (0x00)
 - private final 'value' '[B' @20  [B{0x00000007480c4dc8} (0xe90189b9)
R12=0x0 is null
R13=0x0000007e85dfb808 is pointing into the stack for thread: 0x0000026799e47020
R14=0x0000007e85dfb888 is pointing into the stack for thread: 0x0000026799e47020
R15=0x0000026799e47020 is a thread

Top of Stack: (sp=0x0000007e85dfb808)
0x0000007e85dfb808:   000002678bf4958b 0000000748037d00
0x0000007e85dfb818:   0000007e85dfb818 0000026796360273
0x0000007e85dfb828:   0000000000000005 00000267963603c0
0x0000007e85dfb838:   000002678c54967c 000000074570a938
0x0000007e85dfb848:   0000026796360280 0000007e85dfb808
0x0000007e85dfb858:   0000007e85dfb890 0000007e85dfb8f8
0x0000007e85dfb868:   000002678bf4958b 0000000748037e18
0x0000007e85dfb878:   0000000748037d20 0000000748037d00
0x0000007e85dfb888:   0000000748037df0 000002678bf4958b
0x0000007e85dfb898:   00000007489d7b40 000000074ac536c0
0x0000007e85dfb8a8:   00000007489d97f0 0000007e85dfb8b0
0x0000007e85dfb8b8:   000002679d811ad4 0000000000000009
0x0000007e85dfb8c8:   000002679d813420 0000000000000000
0x0000007e85dfb8d8:   000000074805ae28 000002679d811ae0
0x0000007e85dfb8e8:   0000007e85dfb898 0000007e85dfb950
0x0000007e85dfb8f8:   0000007e85dfbc00 000002678c9550aa
0x0000007e85dfb908:   0000000748037df0 0000000748037d20
0x0000007e85dfb918:   000000074805aeb8 0000000748037d00
0x0000007e85dfb928:   000000074805aee0 0000000748037d20
0x0000007e85dfb938:   0000000748037d00 000000074805abb8
0x0000007e85dfb948:   000002678c9547fc 0000000000000000
0x0000007e85dfb958:   000000074ac52948 0000000747816368
0x0000007e85dfb968:   00000007489e0320 00000007489dd2c0
0x0000007e85dfb978:   0000026700000001 0000000747816368
0x0000007e85dfb988:   0000000745f9b398 000000074ac52ab8
0x0000007e85dfb998:   0000000000000000 0000007e85dfbc00
0x0000007e85dfb9a8:   000002678c28296c 0000000000000000
0x0000007e85dfb9b8:   0000000000000000 0000007e85dfbc00
0x0000007e85dfb9c8:   000002678cb9f474 0000000000000000
0x0000007e85dfb9d8:   0000000000000000 0000000000000000
0x0000007e85dfb9e8:   0000000000000000 0000000000000000
0x0000007e85dfb9f8:   0000000000000000 00000007480f72d8 

Instructions: (pc=0x000002678bf7ada4)
0x000002678bf7aca4:   67 02 00 00 00 ad f7 8b 67 02 00 00 80 bd f7 8b
0x000002678bf7acb4:   67 02 00 00 f0 ac f7 8b 67 02 00 00 f0 ac f7 8b
0x000002678bf7acc4:   67 02 00 00 00 00 00 00 00 00 00 00 d8 e6 af 29
0x000002678bf7acd4:   fe 7f 00 00 f0 10 00 00 60 00 00 00 ff ff ff ff
0x000002678bf7ace4:   f0 10 00 00 00 00 00 00 00 00 00 00 00 00 00 00
0x000002678bf7acf4:   00 00 00 00 00 00 00 00 00 00 00 00 f4 66 66 66
0x000002678bf7ad04:   0f 1f 84 00 00 00 00 00 66 66 66 90 66 66 66 0f
0x000002678bf7ad14:   1f 84 00 00 00 00 00 66 66 66 90 90 48 8b 53 08
0x000002678bf7ad24:   0f b7 52 2e 48 8b 0c d4 8b 59 14 48 c1 e3 03 8b
0x000002678bf7ad34:   5b 28 48 c1 e3 03 8b 5b 24 48 c1 e3 03 48 8b 5b
0x000002678bf7ad44:   10 48 85 db 0f 84 10 00 00 00 41 80 bf e0 05 00
0x000002678bf7ad54:   00 00 74 03 ff 63 38 ff 63 50 e9 9d 16 00 00 66
0x000002678bf7ad64:   66 66 0f 1f 84 00 00 00 00 00 66 66 66 90 66 66
0x000002678bf7ad74:   0f 1f 84 00 00 00 00 00 66 66 66 90 48 8b 53 08
0x000002678bf7ad84:   0f b7 52 2e 48 8b 0c d4 58 5b 50 44 8b 51 08 49
0x000002678bf7ad94:   bb 00 00 00 00 08 00 00 00 4d 03 d3 4c 8b 5b 10
0x000002678bf7ada4:   4b 8b 9c da c8 01 00 00 48 85 db 0f 84 10 00 00
0x000002678bf7adb4:   00 41 80 bf e0 05 00 00 00 74 03 ff 63 38 ff 63
0x000002678bf7adc4:   50 e9 36 16 00 00 66 66 66 0f 1f 84 00 00 00 00
0x000002678bf7add4:   00 66 66 66 90 0f 1f 80 00 00 00 00 58 5b 50 8b
0x000002678bf7ade4:   5b 24 48 c1 e3 03 48 8b 5b 10 48 85 db 0f 84 10
0x000002678bf7adf4:   00 00 00 41 80 bf e0 05 00 00 00 74 03 ff 63 38
0x000002678bf7ae04:   ff 63 50 e9 f4 15 00 00 66 66 66 0f 1f 84 00 00
0x000002678bf7ae14:   00 00 00 66 66 66 90 0f 1f 44 00 00 48 8b 53 08
0x000002678bf7ae24:   0f b7 52 2e 48 8b 0c d4 58 5b 50 48 3b 01 8b 5b
0x000002678bf7ae34:   24 48 c1 e3 03 48 8b 5b 10 48 85 db 0f 84 10 00
0x000002678bf7ae44:   00 00 41 80 bf e0 05 00 00 00 74 03 ff 63 38 ff
0x000002678bf7ae54:   63 50 e9 a5 15 00 00 0f 1f 44 00 00 48 8b 53 08
0x000002678bf7ae64:   0f b7 52 2e 48 8b 0c d4 58 5b 50 44 8b 51 08 49
0x000002678bf7ae74:   bb 00 00 00 00 08 00 00 00 4d 03 d3 8b 43 18 48
0x000002678bf7ae84:   c1 e0 03 48 8b 40 10 48 8b 5b 10 45 8b 9a a0 00
0x000002678bf7ae94:   00 00 4f 8d 9c da c8 01 00 00 4d 8d 14 da 49 8b 


Stack slot to memory mapping:

stack at sp + 0 slots: 0x000002678bf4958b is at code_begin+4363 in an Interpreter codelet
return entry points  [0x000002678bf48480, 0x000002678bf4a298]  7704 bytes
stack at sp + 1 slots: 0x0000000748037d00 is an oop: com.app.controller.AuthenticationController 
{0x0000000748037d00} - klass: 'com/app/controller/AuthenticationController'
 - ---- fields (total size 4 words):
 - private 'utils' 'Lcom/app/security/JWTUtils;' @12  a 'com/app/security/JWTUtils'{0x0000000746eacd48} (0xe8dd59a9)
 - private 'authManager' 'Lorg/springframework/security/authentication/AuthenticationManager;' @16  a 'org/springframework/security/authentication/ProviderManager'{0x000000074801b670} (0xe90036ce)
 - private 'mapper' 'Lorg/modelmapper/ModelMapper;' @20  a 'org/modelmapper/ModelMapper'{0x00000007480c4de8} (0xe90189bd)
 - private 'adminSecretKey' 'Ljava/lang/String;' @24  "Key!@#$%^MySecrets"{0x00000007480c6530} (0xe9018ca6)
stack at sp + 2 slots: 0x0000007e85dfb818 is pointing into the stack for thread: 0x0000026799e47020
stack at sp + 3 slots: 0x0000026796360273 is pointing into metadata
stack at sp + 4 slots: 0x0000000000000005 is an unknown value
stack at sp + 5 slots: 0x00000267963603c0 is pointing into metadata
stack at sp + 6 slots: 0x000002678c54967c is at entry_point+188 in (nmethod*)0x000002678c549410
Compiled method (c1) 35776739 2181       1       java.lang.invoke.LambdaForm$MH/0x00000008000c0800::invoke (25 bytes)
 total in heap  [0x000002678c549410,0x000002678c549838] = 1064
 relocation     [0x000002678c549570,0x000002678c5495b8] = 72
 main code      [0x000002678c5495c0,0x000002678c5496f0] = 304
 stub code      [0x000002678c5496f0,0x000002678c549748] = 88
 oops           [0x000002678c549748,0x000002678c549750] = 8
 metadata       [0x000002678c549750,0x000002678c549758] = 8
 scopes data    [0x000002678c549758,0x000002678c5497a8] = 80
 scopes pcs     [0x000002678c5497a8,0x000002678c549818] = 112
 dependencies   [0x000002678c549818,0x000002678c549820] = 8
 nul chk table  [0x000002678c549820,0x000002678c549838] = 24
stack at sp + 7 slots: 0x000000074570a938 is an oop: java.lang.Class 
{0x000000074570a938} - klass: 'java/lang/Class'
 - ---- fields (total size 15 words):
 - private volatile transient 'classRedefinedCount' 'I' @12  0 (0x00000000)
 - injected 'klass' 'J' @16  34362359808 (0x0000000800280000)
 - injected 'array_klass' 'J' @24  0 (0x0000000000000000)
 - injected 'oop_size' 'I' @32  15 (0x0000000f)
 - injected 'static_oop_field_count' 'I' @36  1 (0x00000001)
 - private volatile transient 'cachedConstructor' 'Ljava/lang/reflect/Constructor;' @40  null (0x00000000)
 - private transient 'name' 'Ljava/lang/String;' @44  null (0x00000000)
 - private transient 'module' 'Ljava/lang/Module;' @48  a 'java/lang/Module'{0x0000000745130dd0} (0xe8a261ba)
 - private final 'classLoader' 'Ljava/lang/ClassLoader;' @52  null (0x00000000)
 - private transient 'classData' 'Ljava/lang/Object;' @56  a 'java/lang/invoke/LambdaForm'{0x000000074570b9f0} => a 'java/lang/invoke/MemberName'{0x000000074570bb20} = {method} {0x0000026796360288} 'invokeVirtual' '(Ljava/lang/Object;Ljava/lang/Object;Ljava/lang/Object;)Ljava/lang/Object;' in 'java/lang/invoke/LambdaForm$DMH+0x0000000800280000' (0xe8ae173e)
 - private transient 'packageName' 'Ljava/lang/String;' @60  null (0x00000000)
 - private final 'componentType' 'Ljava/lang/Class;' @64  null (0x00000000)
 - private volatile transient 'reflectionData' 'Ljava/lang/ref/SoftReference;' @68  null (0x00000000)
 - private volatile transient 'genericInfo' 'Lsun/reflect/generics/repository/ClassRepository;' @72  null (0x00000000)
 - private volatile transient 'enumConstants' '[Ljava/lang/Object;' @76  null (0x00000000)
 - private volatile transient 'enumConstantDirectory' 'Ljava/util/Map;' @80  null (0x00000000)
 - private volatile transient 'annotationData' 'Ljava/lang/Class$AnnotationData;' @84  null (0x00000000)
 - private volatile transient 'annotationType' 'Lsun/reflect/annotation/AnnotationType;' @88  null (0x00000000)
 - transient 'classValueMap' 'Ljava/lang/ClassValue$ClassValueMap;' @92  null (0x00000000)
 - injected 'protection_domain' 'Ljava/lang/Object;' @96  null (0x00000000)
 - injected 'signers_name' 'Ljava/lang/Object;' @100  null (0x00000000)
 - injected 'source_file' 'Ljava/lang/Object;' @104  null (0x00000000)
 - signature: Ljava/lang/invoke/LambdaForm$DMH+0x0000000800280000;
 - ---- static fields (1):
 - static final '_D_0' 'Ljava/lang/invoke/LambdaForm;' @112  a 'java/lang/invoke/LambdaForm'{0x000000074570b9f0} => a 'java/lang/invoke/MemberName'{0x000000074570bb20} = {method} {0x0000026796360288} 'invokeVirtual' '(Ljava/lang/Object;Ljava/lang/Object;Ljava/lang/Object;)Ljava/lang/Object;' in 'java/lang/invoke/LambdaForm$DMH+0x0000000800280000' (0xe8ae173e)

MethodHandle::interpreter_entry::_linkToVirtual [0x000002678bf7ad63, 0x000002678bf7adca] (103 bytes)
[MachCode]
  0x000002678bf7ad63: 6666 660f | 1f84 0000 | 0000 0066 | 6666 9066 | 660f 1f84 | 0000 0000 | 0066 6666 | 9048 8b53 
  0x000002678bf7ad83: 080f b752 | 2e48 8b0c | d458 5b50 | 448b 5108 | 49bb 0000 | 0000 0800 | 0000 4d03 | d34c 8b5b 
  0x000002678bf7ada3: 104b 8b9c | dac8 0100 | 0048 85db | 0f84 1000 | 0000 4180 | bfe0 0500 | 0000 7403 | ff63 38ff 
  0x000002678bf7adc3: 6350 e936 | 
[/MachCode]

---------------  P R O C E S S  ---------------

Threads class SMR info:
_java_thread_list=0x00000267a1524b10, length=26, elements={
0x000002679905b040, 0x000002679905b810, 0x000002679905d640, 0x000002679905e200,
0x000002679905f1c0, 0x000002679903f1d0, 0x0000026799040970, 0x0000026794d3ee70,
0x00000267992da3d0, 0x00000267992f3740, 0x00000267992f3dc0, 0x0000026799b4b170,
0x0000026799df1da0, 0x0000026799df9fc0, 0x0000026799e14510, 0x000002679a561a00,
0x000002679bcac7e0, 0x000002679bcaa710, 0x0000026799e43510, 0x000002679bcad500,
0x000002679bcace70, 0x0000026799e46990, 0x0000026799e46300, 0x0000026799e47020,
0x000002679acde450, 0x000002679acdddc0
}

Java Threads: ( => current thread )
  0x000002679905b040 JavaThread "Reference Handler"          daemon [_thread_blocked, id=15252, stack(0x0000007e83e00000,0x0000007e83f00000) (1024K)]
  0x000002679905b810 JavaThread "Finalizer"                  daemon [_thread_blocked, id=19244, stack(0x0000007e83f00000,0x0000007e84000000) (1024K)]
  0x000002679905d640 JavaThread "Signal Dispatcher"          daemon [_thread_blocked, id=4344, stack(0x0000007e84000000,0x0000007e84100000) (1024K)]
  0x000002679905e200 JavaThread "Attach Listener"            daemon [_thread_blocked, id=17644, stack(0x0000007e84100000,0x0000007e84200000) (1024K)]
  0x000002679905f1c0 JavaThread "Service Thread"             daemon [_thread_blocked, id=2076, stack(0x0000007e84200000,0x0000007e84300000) (1024K)]
  0x000002679903f1d0 JavaThread "Monitor Deflation Thread"   daemon [_thread_blocked, id=16016, stack(0x0000007e84300000,0x0000007e84400000) (1024K)]
  0x0000026799040970 JavaThread "C1 CompilerThread0"         daemon [_thread_blocked, id=15844, stack(0x0000007e84400000,0x0000007e84500000) (1024K)]
  0x0000026794d3ee70 JavaThread "Common-Cleaner"             daemon [_thread_blocked, id=16928, stack(0x0000007e84500000,0x0000007e84600000) (1024K)]
  0x00000267992da3d0 JavaThread "JDWP Transport Listener: dt_socket" daemon [_thread_blocked, id=3556, stack(0x0000007e84700000,0x0000007e84800000) (1024K)]
  0x00000267992f3740 JavaThread "JDWP Event Helper Thread"   daemon [_thread_blocked, id=8056, stack(0x0000007e84800000,0x0000007e84900000) (1024K)]
  0x00000267992f3dc0 JavaThread "JDWP Command Reader"        daemon [_thread_in_native, id=16256, stack(0x0000007e84900000,0x0000007e84a00000) (1024K)]
  0x0000026799b4b170 JavaThread "Notification Thread"        daemon [_thread_blocked, id=18636, stack(0x0000007e84a00000,0x0000007e84b00000) (1024K)]
  0x0000026799df1da0 JavaThread "RMI TCP Accept-0"           daemon [_thread_in_native, id=9160, stack(0x0000007e84e00000,0x0000007e84f00000) (1024K)]
  0x0000026799df9fc0 JavaThread "RMI TCP Accept-50119"       daemon [_thread_in_native, id=8836, stack(0x0000007e84f00000,0x0000007e85000000) (1024K)]
  0x0000026799e14510 JavaThread "RMI TCP Accept-0"           daemon [_thread_in_native, id=16736, stack(0x0000007e85000000,0x0000007e85100000) (1024K)]
  0x000002679a561a00 JavaThread "RMI Scheduler(0)"           daemon [_thread_blocked, id=18024, stack(0x0000007e85500000,0x0000007e85600000) (1024K)]
  0x000002679bcac7e0 JavaThread "mysql-cj-abandoned-connection-cleanup" daemon [_thread_blocked, id=19388, stack(0x0000007e85800000,0x0000007e85900000) (1024K)]
  0x000002679bcaa710 JavaThread "Live Reload Server"         daemon [_thread_in_native, id=10012, stack(0x0000007e86100000,0x0000007e86200000) (1024K)]
  0x0000026799e43510 JavaThread "DestroyJavaVM"                     [_thread_blocked, id=16884, stack(0x0000007e83500000,0x0000007e83600000) (1024K)]
  0x000002679bcad500 JavaThread "JMX server connection timeout 114" daemon [_thread_blocked, id=18424, stack(0x0000007e83d00000,0x0000007e83e00000) (1024K)]
  0x000002679bcace70 JavaThread "Catalina-utility-1"                [_thread_blocked, id=20084, stack(0x0000007e85600000,0x0000007e85700000) (1024K)]
  0x0000026799e46990 JavaThread "Catalina-utility-2"                [_thread_blocked, id=576, stack(0x0000007e85700000,0x0000007e85800000) (1024K)]
  0x0000026799e46300 JavaThread "container-0"                       [_thread_blocked, id=12164, stack(0x0000007e85900000,0x0000007e85a00000) (1024K)]
=>0x0000026799e47020 JavaThread "http-nio-8080-exec-2"       daemon [_thread_in_Java, id=14964, stack(0x0000007e85d00000,0x0000007e85e00000) (1024K)]
  0x000002679acde450 JavaThread "RMI TCP Connection(101)-127.0.0.1" daemon [_thread_in_native, id=16264, stack(0x0000007e86a00000,0x0000007e86b00000) (1024K)]
  0x000002679acdddc0 JavaThread "Thread-19"                         [_thread_blocked, id=1740, stack(0x0000007e83300000,0x0000007e83400000) (1024K)]
Total: 26

Other Threads:
  0x0000026794dbdf40 VMThread "VM Thread"                           [id=19316, stack(0x0000007e83c00000,0x0000007e83d00000) (1024K)]
  0x0000026794d3e3a0 WatcherThread "VM Periodic Task Thread"        [id=2108, stack(0x0000007e83b00000,0x0000007e83c00000) (1024K)]
  0x00000267884a0f80 WorkerThread "GC Thread#0"                     [id=9052, stack(0x0000007e83600000,0x0000007e83700000) (1024K)]
  0x0000026799bd7fc0 WorkerThread "GC Thread#1"                     [id=18316, stack(0x0000007e84b00000,0x0000007e84c00000) (1024K)]
  0x0000026799bd8360 WorkerThread "GC Thread#2"                     [id=7508, stack(0x0000007e84c00000,0x0000007e84d00000) (1024K)]
  0x0000026799bd8700 WorkerThread "GC Thread#3"                     [id=10232, stack(0x0000007e84d00000,0x0000007e84e00000) (1024K)]
  0x00000267884adaa0 ConcurrentGCThread "G1 Main Marker"            [id=18700, stack(0x0000007e83700000,0x0000007e83800000) (1024K)]
  0x00000267884af700 WorkerThread "G1 Conc#0"                       [id=16580, stack(0x0000007e83800000,0x0000007e83900000) (1024K)]
  0x0000026794c120b0 ConcurrentGCThread "G1 Refine#0"               [id=16808, stack(0x0000007e83900000,0x0000007e83a00000) (1024K)]
  0x0000026794c12b30 ConcurrentGCThread "G1 Service"                [id=9064, stack(0x0000007e83a00000,0x0000007e83b00000) (1024K)]
Total: 10

Threads with active compile tasks:
Total: 0

VM state: not at safepoint (normal execution)

VM Mutex/Monitor currently owned by a thread: None

Heap address: 0x0000000744c00000, size: 2996 MB, Compressed Oops mode: Zero based, Oop shift amount: 3

CDS archive(s) not mapped
Compressed class space mapped at: 0x0000000800000000-0x0000000840000000, reserved size: 1073741824
Narrow klass base: 0x0000000800000000, Narrow klass shift: 0, Narrow klass range: 0x40000000

GC Precious Log:
 CardTable entry size: 512
 Card Set container configuration: InlinePtr #cards 4 size 8 Array Of Cards #cards 16 size 48 Howl #buckets 8 coarsen threshold 3686 Howl Bitmap #cards 512 size 80 coarsen threshold 460 Card regions per heap region 1 cards per card region 4096
 CPUs: 4 total, 4 available
 Memory: 11982M
 Large Page Support: Disabled
 NUMA Support: Disabled
 Compressed Oops: Enabled (Zero based)
 Heap Region Size: 2M
 Heap Min Capacity: 8M
 Heap Initial Capacity: 188M
 Heap Max Capacity: 2996M
 Pre-touch: Disabled
 Parallel Workers: 4
 Concurrent Workers: 1
 Concurrent Refinement Workers: 4
 Periodic GC: Disabled

Heap:
 garbage-first heap   total 110592K, used 46786K [0x0000000744c00000, 0x0000000800000000)
  region size 2048K, 6 young (12288K), 2 survivors (4096K)
 Metaspace       used 93441K, committed 94208K, reserved 1179648K
  class space    used 12625K, committed 13056K, reserved 1048576K

Heap Regions: E=young(eden), S=young(survivor), O=old, HS=humongous(starts), HC=humongous(continues), CS=collection set, F=free, TAMS=top-at-mark-start, PB=parsable bottom
|   0|0x0000000744c00000, 0x0000000744dfffc8, 0x0000000744e00000| 99%| O|  |TAMS 0x0000000744c00000| PB 0x0000000744c00000| Untracked 
|   1|0x0000000744e00000, 0x0000000745000000, 0x0000000745000000|100%| O|  |TAMS 0x0000000744e00000| PB 0x0000000744e00000| Untracked 
|   2|0x0000000745000000, 0x00000007451ffff0, 0x0000000745200000| 99%| O|  |TAMS 0x0000000745000000| PB 0x0000000745000000| Untracked 
|   3|0x0000000745200000, 0x00000007453ff088, 0x0000000745400000| 99%| O|  |TAMS 0x0000000745200000| PB 0x0000000745200000| Untracked 
|   4|0x0000000745400000, 0x00000007455ff950, 0x0000000745600000| 99%| O|  |TAMS 0x0000000745400000| PB 0x0000000745400000| Untracked 
|   5|0x0000000745600000, 0x00000007457fffd8, 0x0000000745800000| 99%| O|  |TAMS 0x0000000745600000| PB 0x0000000745600000| Untracked 
|   6|0x0000000745800000, 0x00000007459ffff0, 0x0000000745a00000| 99%| O|  |TAMS 0x0000000745800000| PB 0x0000000745800000| Untracked 
|   7|0x0000000745a00000, 0x0000000745bfffe8, 0x0000000745c00000| 99%| O|  |TAMS 0x0000000745a00000| PB 0x0000000745a00000| Untracked 
|   8|0x0000000745c00000, 0x0000000745e00000, 0x0000000745e00000|100%| O|  |TAMS 0x0000000745c00000| PB 0x0000000745c00000| Untracked 
|   9|0x0000000745e00000, 0x0000000745fffff0, 0x0000000746000000| 99%| O|  |TAMS 0x0000000745e00000| PB 0x0000000745e00000| Untracked 
|  10|0x0000000746000000, 0x00000007461ffff0, 0x0000000746200000| 99%| O|  |TAMS 0x0000000746000000| PB 0x0000000746000000| Untracked 
|  11|0x0000000746200000, 0x0000000746400000, 0x0000000746400000|100%| O|  |TAMS 0x0000000746200000| PB 0x0000000746200000| Untracked 
|  12|0x0000000746400000, 0x00000007465fffe0, 0x0000000746600000| 99%| O|  |TAMS 0x0000000746400000| PB 0x0000000746400000| Untracked 
|  13|0x0000000746600000, 0x00000007467f9ea8, 0x0000000746800000| 98%| O|  |TAMS 0x0000000746600000| PB 0x0000000746600000| Untracked 
|  14|0x0000000746800000, 0x0000000746971258, 0x0000000746a00000| 72%| O|  |TAMS 0x0000000746800000| PB 0x0000000746800000| Untracked 
|  15|0x0000000746a00000, 0x0000000746be9388, 0x0000000746c00000| 95%| O|  |TAMS 0x0000000746a00000| PB 0x0000000746a00000| Untracked 
|  16|0x0000000746c00000, 0x0000000746cc7cf0, 0x0000000746e00000| 39%| O|  |TAMS 0x0000000746c00000| PB 0x0000000746c00000| Untracked 
|  17|0x0000000746e00000, 0x0000000747000000, 0x0000000747000000|100%| O|  |TAMS 0x0000000746e00000| PB 0x0000000746e00000| Untracked 
|  18|0x0000000747000000, 0x00000007471a2110, 0x0000000747200000| 81%| O|  |TAMS 0x0000000747000000| PB 0x0000000747000000| Untracked 
|  19|0x0000000747200000, 0x0000000747200000, 0x0000000747400000|  0%| F|  |TAMS 0x0000000747200000| PB 0x0000000747200000| Untracked 
|  20|0x0000000747400000, 0x0000000747400000, 0x0000000747600000|  0%| F|  |TAMS 0x0000000747400000| PB 0x0000000747400000| Untracked 
|  21|0x0000000747600000, 0x0000000747600000, 0x0000000747800000|  0%| F|  |TAMS 0x0000000747600000| PB 0x0000000747600000| Untracked 
|  22|0x0000000747800000, 0x0000000747800000, 0x0000000747a00000|  0%| F|  |TAMS 0x0000000747800000| PB 0x0000000747800000| Untracked 
|  23|0x0000000747a00000, 0x0000000747a00000, 0x0000000747c00000|  0%| F|  |TAMS 0x0000000747a00000| PB 0x0000000747a00000| Untracked 
|  24|0x0000000747c00000, 0x0000000747c00000, 0x0000000747e00000|  0%| F|  |TAMS 0x0000000747c00000| PB 0x0000000747c00000| Untracked 
|  25|0x0000000747e00000, 0x0000000747ff3cc8, 0x0000000748000000| 97%| S|CS|TAMS 0x0000000747e00000| PB 0x0000000747e00000| Complete 
|  26|0x0000000748000000, 0x0000000748200000, 0x0000000748200000|100%| S|CS|TAMS 0x0000000748000000| PB 0x0000000748000000| Complete 
|  27|0x0000000748200000, 0x0000000748200000, 0x0000000748400000|  0%| F|  |TAMS 0x0000000748200000| PB 0x0000000748200000| Untracked 
|  28|0x0000000748400000, 0x0000000748400000, 0x0000000748600000|  0%| F|  |TAMS 0x0000000748400000| PB 0x0000000748400000| Untracked 
|  29|0x0000000748600000, 0x0000000748600000, 0x0000000748800000|  0%| F|  |TAMS 0x0000000748600000| PB 0x0000000748600000| Untracked 
|  30|0x0000000748800000, 0x0000000748800000, 0x0000000748a00000|  0%| F|  |TAMS 0x0000000748800000| PB 0x0000000748800000| Untracked 
|  31|0x0000000748a00000, 0x0000000748a00000, 0x0000000748c00000|  0%| F|  |TAMS 0x0000000748a00000| PB 0x0000000748a00000| Untracked 
|  32|0x0000000748c00000, 0x0000000748c00000, 0x0000000748e00000|  0%| F|  |TAMS 0x0000000748c00000| PB 0x0000000748c00000| Untracked 
|  33|0x0000000748e00000, 0x0000000748e00000, 0x0000000749000000|  0%| F|  |TAMS 0x0000000748e00000| PB 0x0000000748e00000| Untracked 
|  34|0x0000000749000000, 0x0000000749000000, 0x0000000749200000|  0%| F|  |TAMS 0x0000000749000000| PB 0x0000000749000000| Untracked 
|  35|0x0000000749200000, 0x0000000749200000, 0x0000000749400000|  0%| F|  |TAMS 0x0000000749200000| PB 0x0000000749200000| Untracked 
|  36|0x0000000749400000, 0x0000000749400000, 0x0000000749600000|  0%| F|  |TAMS 0x0000000749400000| PB 0x0000000749400000| Untracked 
|  37|0x0000000749600000, 0x0000000749600000, 0x0000000749800000|  0%| F|  |TAMS 0x0000000749600000| PB 0x0000000749600000| Untracked 
|  38|0x0000000749800000, 0x0000000749800000, 0x0000000749a00000|  0%| F|  |TAMS 0x0000000749800000| PB 0x0000000749800000| Untracked 
|  39|0x0000000749a00000, 0x0000000749a00000, 0x0000000749c00000|  0%| F|  |TAMS 0x0000000749a00000| PB 0x0000000749a00000| Untracked 
|  40|0x0000000749c00000, 0x0000000749c00000, 0x0000000749e00000|  0%| F|  |TAMS 0x0000000749c00000| PB 0x0000000749c00000| Untracked 
|  41|0x0000000749e00000, 0x0000000749e00000, 0x000000074a000000|  0%| F|  |TAMS 0x0000000749e00000| PB 0x0000000749e00000| Untracked 
|  42|0x000000074a000000, 0x000000074a000000, 0x000000074a200000|  0%| F|  |TAMS 0x000000074a000000| PB 0x000000074a000000| Untracked 
|  43|0x000000074a200000, 0x000000074a200000, 0x000000074a400000|  0%| F|  |TAMS 0x000000074a200000| PB 0x000000074a200000| Untracked 
|  44|0x000000074a400000, 0x000000074a400000, 0x000000074a600000|  0%| F|  |TAMS 0x000000074a400000| PB 0x000000074a400000| Untracked 
|  45|0x000000074a600000, 0x000000074a600000, 0x000000074a800000|  0%| F|  |TAMS 0x000000074a600000| PB 0x000000074a600000| Untracked 
|  46|0x000000074a800000, 0x000000074a800000, 0x000000074aa00000|  0%| F|  |TAMS 0x000000074a800000| PB 0x000000074a800000| Untracked 
|  47|0x000000074aa00000, 0x000000074aa00000, 0x000000074ac00000|  0%| F|  |TAMS 0x000000074aa00000| PB 0x000000074aa00000| Untracked 
|  48|0x000000074ac00000, 0x000000074ac00000, 0x000000074ae00000|  0%| F|  |TAMS 0x000000074ac00000| PB 0x000000074ac00000| Untracked 
|  49|0x000000074ae00000, 0x000000074ae00000, 0x000000074b000000|  0%| F|  |TAMS 0x000000074ae00000| PB 0x000000074ae00000| Untracked 
|  50|0x000000074b000000, 0x000000074b0c13b8, 0x000000074b200000| 37%| E|  |TAMS 0x000000074b000000| PB 0x000000074b000000| Complete 
|  51|0x000000074b200000, 0x000000074b400000, 0x000000074b400000|100%| E|CS|TAMS 0x000000074b200000| PB 0x000000074b200000| Complete 
|  52|0x000000074b400000, 0x000000074b600000, 0x000000074b600000|100%| E|CS|TAMS 0x000000074b400000| PB 0x000000074b400000| Complete 
|  53|0x000000074b600000, 0x000000074b800000, 0x000000074b800000|100%| E|CS|TAMS 0x000000074b600000| PB 0x000000074b600000| Complete 

Card table byte_map: [0x000002678f520000,0x000002678fb00000] _byte_map_base: 0x000002678bafa000

Marking Bits: (CMBitMap*) 0x00000267884a1680
 Bits: [0x000002678fb00000, 0x00000267929d0000)

Polling page: 0x0000026786400000

Metaspace:

Usage:
  Non-class:     78.92 MB used.
      Class:     12.33 MB used.
       Both:     91.25 MB used.

Virtual space:
  Non-class space:      128.00 MB reserved,      79.25 MB ( 62%) committed,  2 nodes.
      Class space:        1.00 GB reserved,      12.75 MB (  1%) committed,  1 nodes.
             Both:        1.12 GB reserved,      92.00 MB (  8%) committed. 

Chunk freelists:
   Non-Class:  35.00 KB
       Class:  3.21 MB
        Both:  3.24 MB

MaxMetaspaceSize: unlimited
CompressedClassSpaceSize: 1.00 GB
Initial GC threshold: 21.00 MB
Current GC threshold: 153.12 MB
CDS: off
 - commit_granule_bytes: 65536.
 - commit_granule_words: 8192.
 - virtual_space_node_default_size: 8388608.
 - enlarge_chunks_in_place: 1.
 - use_allocation_guard: 0.


Internal statistics:

num_allocs_failed_limit: 12.
num_arena_births: 1712.
num_arena_deaths: 890.
num_vsnodes_births: 3.
num_vsnodes_deaths: 0.
num_space_committed: 1472.
num_space_uncommitted: 0.
num_chunks_returned_to_freelist: 1026.
num_chunks_taken_from_freelist: 5032.
num_chunk_merges: 218.
num_chunk_splits: 3336.
num_chunks_enlarged: 2561.
num_inconsistent_stats: 0.

CodeCache: size=49152Kb used=16136Kb max_used=16868Kb free=33015Kb
 bounds [0x000002678bf40000, 0x000002678d050000, 0x000002678ef40000]
 total_blobs=8809 nmethods=8072 adapters=660
 compilation: enabled
              stopped_count=0, restarted_count=0
 full_count=0

Compilation events (20 events):
Event: 35625.690 Thread 0x0000026799040970 9783       1       java.util.regex.CharPredicates::lambda$category$15 (17 bytes)
Event: 35625.691 Thread 0x0000026799040970 nmethod 9783 0x000002678cc7cd10 code [0x000002678cc7cec0, 0x000002678cc7cfe0]
Event: 35625.691 Thread 0x0000026799040970 9784       1       ch.qos.logback.classic.spi.LoggingEvent::<init> (155 bytes)
Event: 35625.692 Thread 0x0000026799040970 nmethod 9784 0x000002678cb4d290 code [0x000002678cb4d4c0, 0x000002678cb4db90]
Event: 35706.106 Thread 0x0000026799040970 9785       1       java.lang.invoke.LambdaForm$MH/0x0000000800185400::invoke (45 bytes)
Event: 35706.106 Thread 0x0000026799040970 nmethod 9785 0x000002678cb3df90 code [0x000002678cb3e160, 0x000002678cb3e378]
Event: 35706.106 Thread 0x0000026799040970 9786       1       java.rmi.server.UID::hashCode (11 bytes)
Event: 35706.106 Thread 0x0000026799040970 nmethod 9786 0x000002678cb3dc90 code [0x000002678cb3de20, 0x000002678cb3def0]
Event: 35769.938 Thread 0x0000026799040970 9787       1       java.net.NetworkInterface$1::hasMoreElements (18 bytes)
Event: 35769.938 Thread 0x0000026799040970 nmethod 9787 0x000002678cc83890 code [0x000002678cc83a20, 0x000002678cc83b08]
Event: 35774.948 Thread 0x0000026799040970 9788       1       com.zaxxer.hikari.pool.PoolEntry::compareAndSet (10 bytes)
Event: 35774.948 Thread 0x0000026799040970 nmethod 9788 0x000002678cb4ce90 code [0x000002678cb4d040, 0x000002678cb4d1c8]
Event: 35774.948 Thread 0x0000026799040970 9789       1       java.util.concurrent.atomic.AtomicIntegerFieldUpdater$AtomicIntegerFieldUpdaterImpl::compareAndSet (19 bytes)
Event: 35774.949 Thread 0x0000026799040970 nmethod 9789 0x000002678cb4ca90 code [0x000002678cb4cc40, 0x000002678cb4cda0]
Event: 35774.955 Thread 0x0000026799040970 9790       1       jdk.internal.misc.Unsafe::bool2byte (10 bytes)
Event: 35774.955 Thread 0x0000026799040970 nmethod 9790 0x000002678cc84490 code [0x000002678cc84620, 0x000002678cc846f8]
Event: 35774.955 Thread 0x0000026799040970 9791       1       java.util.concurrent.ConcurrentHashMap$BaseIterator::remove (37 bytes)
Event: 35774.956 Thread 0x0000026799040970 nmethod 9791 0x000002678cb4c590 code [0x000002678cb4c760, 0x000002678cb4c960]
Event: 35774.957 Thread 0x0000026799040970 9792       1       org.apache.catalina.core.StandardService::getContainer (5 bytes)
Event: 35774.957 Thread 0x0000026799040970 nmethod 9792 0x000002678cc95d90 code [0x000002678cc95f20, 0x000002678cc95ff0]

GC Heap History (20 events):
Event: 24922.159 GC heap before
{Heap before GC invocations=30 (full 1):
 garbage-first heap   total 122880K, used 106426K [0x0000000744c00000, 0x0000000800000000)
  region size 2048K, 34 young (69632K), 2 survivors (4096K)
 Metaspace       used 92831K, committed 93760K, reserved 1179648K
  class space    used 12631K, committed 13056K, reserved 1048576K
}
Event: 24922.170 GC heap after
{Heap after GC invocations=31 (full 1):
 garbage-first heap   total 122880K, used 40885K [0x0000000744c00000, 0x0000000800000000)
  region size 2048K, 2 young (4096K), 2 survivors (4096K)
 Metaspace       used 92831K, committed 93760K, reserved 1179648K
  class space    used 12631K, committed 13056K, reserved 1048576K
}
Event: 35383.354 GC heap before
{Heap before GC invocations=31 (full 1):
 garbage-first heap   total 122880K, used 69557K [0x0000000744c00000, 0x0000000800000000)
  region size 2048K, 17 young (34816K), 2 survivors (4096K)
 Metaspace       used 92846K, committed 93760K, reserved 1179648K
  class space    used 12634K, committed 13056K, reserved 1048576K
}
Event: 35383.435 GC heap after
{Heap after GC invocations=32 (full 2):
 garbage-first heap   total 110592K, used 30182K [0x0000000744c00000, 0x0000000800000000)
  region size 2048K, 0 young (0K), 0 survivors (0K)
 Metaspace       used 92288K, committed 93760K, reserved 1179648K
  class space    used 12494K, committed 13056K, reserved 1048576K
}
Event: 35387.129 GC heap before
{Heap before GC invocations=32 (full 2):
 garbage-first heap   total 110592K, used 93670K [0x0000000744c00000, 0x0000000800000000)
  region size 2048K, 32 young (65536K), 0 survivors (0K)
 Metaspace       used 92580K, committed 93760K, reserved 1179648K
  class space    used 12553K, committed 13056K, reserved 1048576K
}
Event: 35387.135 GC heap after
{Heap after GC invocations=33 (full 2):
 garbage-first heap   total 110592K, used 36584K [0x0000000744c00000, 0x0000000800000000)
  region size 2048K, 4 young (8192K), 4 survivors (8192K)
 Metaspace       used 92580K, committed 93760K, reserved 1179648K
  class space    used 12553K, committed 13056K, reserved 1048576K
}
Event: 35395.359 GC heap before
{Heap before GC invocations=33 (full 2):
 garbage-first heap   total 110592K, used 89832K [0x0000000744c00000, 0x0000000800000000)
  region size 2048K, 30 young (61440K), 4 survivors (8192K)
 Metaspace       used 93009K, committed 93888K, reserved 1179648K
  class space    used 12624K, committed 13056K, reserved 1048576K
}
Event: 35395.374 GC heap after
{Heap after GC invocations=34 (full 2):
 garbage-first heap   total 110592K, used 41254K [0x0000000744c00000, 0x0000000800000000)
  region size 2048K, 3 young (6144K), 3 survivors (6144K)
 Metaspace       used 93009K, committed 93888K, reserved 1179648K
  class space    used 12624K, committed 13056K, reserved 1048576K
}
Event: 35481.191 GC heap before
{Heap before GC invocations=34 (full 2):
 garbage-first heap   total 110592K, used 49446K [0x0000000744c00000, 0x0000000800000000)
  region size 2048K, 8 young (16384K), 3 survivors (6144K)
 Metaspace       used 93051K, committed 93888K, reserved 1179648K
  class space    used 12629K, committed 13056K, reserved 1048576K
}
Event: 35481.266 GC heap after
{Heap after GC invocations=35 (full 3):
 garbage-first heap   total 110592K, used 32500K [0x0000000744c00000, 0x0000000800000000)
  region size 2048K, 0 young (0K), 0 survivors (0K)
 Metaspace       used 92906K, committed 93888K, reserved 1179648K
  class space    used 12598K, committed 13056K, reserved 1048576K
}
Event: 35482.312 GC heap before
{Heap before GC invocations=35 (full 3):
 garbage-first heap   total 110592K, used 93940K [0x0000000744c00000, 0x0000000800000000)
  region size 2048K, 30 young (61440K), 0 survivors (0K)
 Metaspace       used 93063K, committed 93952K, reserved 1179648K
  class space    used 12622K, committed 13056K, reserved 1048576K
}
Event: 35482.318 GC heap after
{Heap after GC invocations=36 (full 3):
 garbage-first heap   total 110592K, used 37689K [0x0000000744c00000, 0x0000000800000000)
  region size 2048K, 3 young (6144K), 3 survivors (6144K)
 Metaspace       used 93063K, committed 93952K, reserved 1179648K
  class space    used 12622K, committed 13056K, reserved 1048576K
}
Event: 35548.745 GC heap before
{Heap before GC invocations=36 (full 3):
 garbage-first heap   total 110592K, used 92985K [0x0000000744c00000, 0x0000000800000000)
  region size 2048K, 30 young (61440K), 3 survivors (6144K)
 Metaspace       used 93260K, committed 94080K, reserved 1179648K
  class space    used 12636K, committed 13056K, reserved 1048576K
}
Event: 35548.764 GC heap after
{Heap after GC invocations=37 (full 3):
 garbage-first heap   total 110592K, used 40229K [0x0000000744c00000, 0x0000000800000000)
  region size 2048K, 2 young (4096K), 2 survivors (4096K)
 Metaspace       used 93260K, committed 94080K, reserved 1179648K
  class space    used 12636K, committed 13056K, reserved 1048576K
}
Event: 35595.756 GC heap before
{Heap before GC invocations=37 (full 3):
 garbage-first heap   total 110592K, used 42277K [0x0000000744c00000, 0x0000000800000000)
  region size 2048K, 4 young (8192K), 2 survivors (4096K)
 Metaspace       used 93288K, committed 94080K, reserved 1179648K
  class space    used 12637K, committed 13056K, reserved 1048576K
}
Event: 35595.891 GC heap after
{Heap after GC invocations=38 (full 4):
 garbage-first heap   total 110592K, used 32874K [0x0000000744c00000, 0x0000000800000000)
  region size 2048K, 0 young (0K), 0 survivors (0K)
 Metaspace       used 93067K, committed 94080K, reserved 1179648K
  class space    used 12582K, committed 13056K, reserved 1048576K
}
Event: 35599.372 GC heap before
{Heap before GC invocations=38 (full 4):
 garbage-first heap   total 110592K, used 94314K [0x0000000744c00000, 0x0000000800000000)
  region size 2048K, 30 young (61440K), 0 survivors (0K)
 Metaspace       used 93230K, committed 94144K, reserved 1179648K
  class space    used 12607K, committed 13056K, reserved 1048576K
}
Event: 35599.385 GC heap after
{Heap after GC invocations=39 (full 4):
 garbage-first heap   total 110592K, used 38121K [0x0000000744c00000, 0x0000000800000000)
  region size 2048K, 3 young (6144K), 3 survivors (6144K)
 Metaspace       used 93230K, committed 94144K, reserved 1179648K
  class space    used 12607K, committed 13056K, reserved 1048576K
}
Event: 35653.383 GC heap before
{Heap before GC invocations=39 (full 4):
 garbage-first heap   total 110592K, used 93417K [0x0000000744c00000, 0x0000000800000000)
  region size 2048K, 30 young (61440K), 3 survivors (6144K)
 Metaspace       used 93441K, committed 94208K, reserved 1179648K
  class space    used 12625K, committed 13056K, reserved 1048576K
}
Event: 35653.403 GC heap after
{Heap after GC invocations=40 (full 4):
 garbage-first heap   total 110592K, used 40642K [0x0000000744c00000, 0x0000000800000000)
  region size 2048K, 2 young (4096K), 2 survivors (4096K)
 Metaspace       used 93441K, committed 94208K, reserved 1179648K
  class space    used 12625K, committed 13056K, reserved 1048576K
}

Dll operation events (12 events):
Event: 0.007 Loaded shared library C:\Users\rahul\Downloads\sts-4.24.0.RELEASE\plugins\org.eclipse.justj.openjdk.hotspot.jre.full.win32.x86_64_21.0.3.v20240426-1530\jre\bin\java.dll
Event: 0.011 Loaded shared library C:\Users\rahul\Downloads\sts-4.24.0.RELEASE\plugins\org.eclipse.justj.openjdk.hotspot.jre.full.win32.x86_64_21.0.3.v20240426-1530\jre\bin\zip.dll
Event: 0.225 Loaded shared library C:\Users\rahul\Downloads\sts-4.24.0.RELEASE\plugins\org.eclipse.justj.openjdk.hotspot.jre.full.win32.x86_64_21.0.3.v20240426-1530\jre\bin\instrument.dll
Event: 0.232 Loaded shared library C:\Users\rahul\Downloads\sts-4.24.0.RELEASE\plugins\org.eclipse.justj.openjdk.hotspot.jre.full.win32.x86_64_21.0.3.v20240426-1530\jre\bin\net.dll
Event: 0.233 Loaded shared library C:\Users\rahul\Downloads\sts-4.24.0.RELEASE\plugins\org.eclipse.justj.openjdk.hotspot.jre.full.win32.x86_64_21.0.3.v20240426-1530\jre\bin\nio.dll
Event: 0.241 Loaded shared library C:\Users\rahul\Downloads\sts-4.24.0.RELEASE\plugins\org.eclipse.justj.openjdk.hotspot.jre.full.win32.x86_64_21.0.3.v20240426-1530\jre\bin\zip.dll
Event: 0.356 Loaded shared library C:\Users\rahul\Downloads\sts-4.24.0.RELEASE\plugins\org.eclipse.justj.openjdk.hotspot.jre.full.win32.x86_64_21.0.3.v20240426-1530\jre\bin\jimage.dll
Event: 0.396 Loaded shared library C:\Users\rahul\Downloads\sts-4.24.0.RELEASE\plugins\org.eclipse.justj.openjdk.hotspot.jre.full.win32.x86_64_21.0.3.v20240426-1530\jre\bin\management.dll
Event: 0.404 Loaded shared library C:\Users\rahul\Downloads\sts-4.24.0.RELEASE\plugins\org.eclipse.justj.openjdk.hotspot.jre.full.win32.x86_64_21.0.3.v20240426-1530\jre\bin\management_ext.dll
Event: 0.571 Loaded shared library C:\Users\rahul\Downloads\sts-4.24.0.RELEASE\plugins\org.eclipse.justj.openjdk.hotspot.jre.full.win32.x86_64_21.0.3.v20240426-1530\jre\bin\extnet.dll
Event: 0.593 Loaded shared library C:\Users\rahul\Downloads\sts-4.24.0.RELEASE\plugins\org.eclipse.justj.openjdk.hotspot.jre.full.win32.x86_64_21.0.3.v20240426-1530\jre\bin\verify.dll
Event: 1.649 Loaded shared library C:\Users\rahul\Downloads\sts-4.24.0.RELEASE\plugins\org.eclipse.justj.openjdk.hotspot.jre.full.win32.x86_64_21.0.3.v20240426-1530\jre\bin\sunmscapi.dll

Deoptimization events (20 events):
Event: 35769.941 Thread 0x0000026799e455e0 DEOPT PACKING pc=0x000002678c3f813c sp=0x0000007e85eff250
Event: 35769.941 Thread 0x0000026799e455e0 DEOPT UNPACKING pc=0x000002678bf988e2 sp=0x0000007e85efe7f8 mode 1
Event: 35769.941 Thread 0x0000026799e40090 DEOPT PACKING pc=0x000002678c3f813c sp=0x0000007e862feb80
Event: 35769.941 Thread 0x0000026799e40090 DEOPT UNPACKING pc=0x000002678bf988e2 sp=0x0000007e862fe128 mode 1
Event: 35769.945 Thread 0x0000026799e427f0 DEOPT PACKING pc=0x000002678c3f813c sp=0x0000007e864feea0
Event: 35769.945 Thread 0x0000026799e427f0 DEOPT UNPACKING pc=0x000002678bf988e2 sp=0x0000007e864fe448 mode 1
Event: 35769.952 Thread 0x0000026799e448c0 DEOPT PACKING pc=0x000002678c3f813c sp=0x0000007e860fed30
Event: 35769.952 Thread 0x0000026799e448c0 DEOPT UNPACKING pc=0x000002678bf988e2 sp=0x0000007e860fe2d8 mode 1
Event: 35769.954 Thread 0x0000026799e44230 DEOPT PACKING pc=0x000002678c3f813c sp=0x0000007e85ffeed0
Event: 35769.954 Thread 0x0000026799e44230 DEOPT UNPACKING pc=0x000002678bf988e2 sp=0x0000007e85ffe478 mode 1
Event: 35769.954 Thread 0x0000026799e42160 DEOPT PACKING pc=0x000002678c3f813c sp=0x0000007e863fecc0
Event: 35769.954 Thread 0x0000026799e42160 DEOPT UNPACKING pc=0x000002678bf988e2 sp=0x0000007e863fe268 mode 1
Event: 35774.948 Thread 0x000002679bcabac0 DEOPT PACKING pc=0x000002678c40277c sp=0x0000007e846fef10
Event: 35774.948 Thread 0x000002679bcabac0 DEOPT UNPACKING pc=0x000002678bf988e2 sp=0x0000007e846fe4a0 mode 1
Event: 35774.948 Thread 0x000002679bcabac0 DEOPT PACKING pc=0x000002678c3f9e9c sp=0x0000007e846ff0a0
Event: 35774.948 Thread 0x000002679bcabac0 DEOPT UNPACKING pc=0x000002678bf988e2 sp=0x0000007e846fe5f8 mode 1
Event: 35774.948 Thread 0x000002679bcabac0 DEOPT PACKING pc=0x000002678c3f968c sp=0x0000007e846ff1d0
Event: 35774.948 Thread 0x000002679bcabac0 DEOPT UNPACKING pc=0x000002678bf988e2 sp=0x0000007e846fe660 mode 1
Event: 35774.949 Thread 0x000002679bcabac0 DEOPT PACKING pc=0x000002678c3fe39c sp=0x0000007e846ff200
Event: 35774.949 Thread 0x000002679bcabac0 DEOPT UNPACKING pc=0x000002678bf988e2 sp=0x0000007e846fe700 mode 1

Classes loaded (20 events):
Event: 118.117 Loading class javax/net/ssl/SSLSocket
Event: 118.117 Loading class javax/net/ssl/SSLSocket done
Event: 118.117 Loading class java/security/spec/InvalidKeySpecException
Event: 118.117 Loading class java/security/spec/InvalidKeySpecException done
Event: 118.117 Loading class javax/crypto/NoSuchPaddingException
Event: 118.117 Loading class javax/crypto/NoSuchPaddingException done
Event: 118.117 Loading class javax/crypto/IllegalBlockSizeException
Event: 118.117 Loading class javax/crypto/IllegalBlockSizeException done
Event: 118.117 Loading class javax/crypto/BadPaddingException
Event: 118.117 Loading class javax/crypto/BadPaddingException done
Event: 118.355 Loading class java/util/stream/LongStream
Event: 118.355 Loading class java/util/stream/LongStream done
Event: 118.355 Loading class java/util/stream/DoubleStream
Event: 118.356 Loading class java/util/stream/DoubleStream done
Event: 118.512 Loading class java/lang/ref/Finalizer$2
Event: 118.512 Loading class java/lang/ref/Finalizer$2 done
Event: 118.512 Loading class java/lang/ref/Finalizer$1
Event: 118.512 Loading class java/lang/ref/Finalizer$1 done
Event: 35387.278 Loading class java/time/DurationEditor
Event: 35387.278 Loading class java/time/DurationEditor done

Classes unloaded (20 events):
Event: 35595.810 Thread 0x0000026794dbdf40 Unloading class 0x0000000800b09800 'java/lang/invoke/LambdaForm$BMH+0x0000000800b09800'
Event: 35595.810 Thread 0x0000026794dbdf40 Unloading class 0x0000000800b29000 'java/lang/invoke/LambdaForm$MH+0x0000000800b29000'
Event: 35595.810 Thread 0x0000026794dbdf40 Unloading class 0x0000000800b29800 'java/lang/invoke/LambdaForm$MH+0x0000000800b29800'
Event: 35595.810 Thread 0x0000026794dbdf40 Unloading class 0x0000000800b2a800 'java/lang/invoke/LambdaForm$MH+0x0000000800b2a800'
Event: 35595.810 Thread 0x0000026794dbdf40 Unloading class 0x0000000800b48800 'java/lang/invoke/LambdaForm$MH+0x0000000800b48800'
Event: 35595.810 Thread 0x0000026794dbdf40 Unloading class 0x0000000800b84800 'java/lang/invoke/LambdaForm$MH+0x0000000800b84800'
Event: 35595.810 Thread 0x0000026794dbdf40 Unloading class 0x0000000800b86000 'java/lang/invoke/LambdaForm$MH+0x0000000800b86000'
Event: 35595.810 Thread 0x0000026794dbdf40 Unloading class 0x0000000800b87400 'java/lang/invoke/LambdaForm$MH+0x0000000800b87400'
Event: 35595.810 Thread 0x0000026794dbdf40 Unloading class 0x0000000800b8c800 'java/lang/invoke/LambdaForm$MH+0x0000000800b8c800'
Event: 35595.810 Thread 0x0000026794dbdf40 Unloading class 0x0000000800bb0800 'java/lang/invoke/LambdaForm$MH+0x0000000800bb0800'
Event: 35595.810 Thread 0x0000026794dbdf40 Unloading class 0x0000000800bb1400 'java/lang/invoke/LambdaForm$MH+0x0000000800bb1400'
Event: 35595.810 Thread 0x0000026794dbdf40 Unloading class 0x0000000800bb2c00 'java/lang/invoke/LambdaForm$MH+0x0000000800bb2c00'
Event: 35595.810 Thread 0x0000026794dbdf40 Unloading class 0x0000000800bb8000 'java/lang/invoke/LambdaForm$MH+0x0000000800bb8000'
Event: 35595.810 Thread 0x0000026794dbdf40 Unloading class 0x0000000800bb9800 'java/lang/invoke/LambdaForm$MH+0x0000000800bb9800'
Event: 35595.810 Thread 0x0000026794dbdf40 Unloading class 0x0000000800bba000 'java/lang/invoke/LambdaForm$MH+0x0000000800bba000'
Event: 35595.810 Thread 0x0000026794dbdf40 Unloading class 0x0000000800bbac00 'java/lang/invoke/LambdaForm$BMH+0x0000000800bbac00'
Event: 35595.810 Thread 0x0000026794dbdf40 Unloading class 0x0000000800bc0000 'java/lang/invoke/LambdaForm$MH+0x0000000800bc0000'
Event: 35595.810 Thread 0x0000026794dbdf40 Unloading class 0x0000000800be6000 'java/lang/invoke/LambdaForm$MH+0x0000000800be6000'
Event: 35595.810 Thread 0x0000026794dbdf40 Unloading class 0x0000000800be6800 'java/lang/invoke/LambdaForm$MH+0x0000000800be6800'
Event: 35595.810 Thread 0x0000026794dbdf40 Unloading class 0x0000000800bf5400 'java/lang/invoke/LambdaForm$MH+0x0000000800bf5400'

Classes redefined (8 events):
Event: 111.364 Thread 0x0000026794dbdf40 redefined class name=com.app.controller.AuthenticationController, count=1
Event: 35479.840 Thread 0x0000026794dbdf40 redefined class name=com.app.controller.AuthenticationController, count=2
Event: 35479.840 Thread 0x0000026794dbdf40 redefined class name=com.app.controller.AuthenticationController, count=1
Event: 35479.840 Thread 0x0000026794dbdf40 redefined class name=com.app.controller.AuthenticationController, count=1
Event: 35586.760 Thread 0x0000026794dbdf40 redefined class name=com.app.controller.AuthenticationController, count=2
Event: 35586.760 Thread 0x0000026794dbdf40 redefined class name=com.app.controller.AuthenticationController, count=3
Event: 35586.760 Thread 0x0000026794dbdf40 redefined class name=com.app.controller.AuthenticationController, count=1
Event: 35586.760 Thread 0x0000026794dbdf40 redefined class name=com.app.controller.AuthenticationController, count=2

Internal exceptions (20 events):
Event: 35481.190 Thread 0x0000026799e3fa00 Exception <a 'java/lang/InterruptedException'{0x000000074afef570}: sleep interrupted> (0x000000074afef570) 
thrown [s\src\hotspot\share\prims\jvm.cpp, line 3074]
Event: 35481.282 Thread 0x000002679acdd0a0 Exception <a 'sun/nio/fs/WindowsException'{0x000000074b6878d8}> (0x000000074b6878d8) 
thrown [s\src\hotspot\share\prims\jni.cpp, line 520]
Event: 35481.646 Thread 0x000002679acdd0a0 Exception <a 'java/lang/NoClassDefFoundError'{0x0000000749794820}: org/flywaydb/core/Flyway> (0x0000000749794820) 
thrown [s\src\hotspot\share\oops\constantPool.cpp, line 873]
Event: 35482.034 Thread 0x000002679acdd0a0 Exception <a 'java/lang/NoClassDefFoundError'{0x0000000749794e80}: liquibase/integration/spring/SpringLiquibase> (0x0000000749794e80) 
thrown [s\src\hotspot\share\oops\constantPool.cpp, line 873]
Event: 35482.040 Thread 0x000002679acdd0a0 Exception <a 'java/lang/NoClassDefFoundError'{0x00000007494114e8}: org/jooq/DSLContext> (0x00000007494114e8) 
thrown [s\src\hotspot\share\oops\constantPool.cpp, line 873]
Event: 35482.042 Thread 0x000002679acdd0a0 Exception <a 'java/lang/NoClassDefFoundError'{0x000000074941fa90}: org/springframework/batch/core/repository/JobRepository> (0x000000074941fa90) 
thrown [s\src\hotspot\share\oops\constantPool.cpp, line 873]
Event: 35482.044 Thread 0x000002679acdd0a0 Exception <a 'java/lang/NoClassDefFoundError'{0x00000007494200e8}: org/quartz/Scheduler> (0x00000007494200e8) 
thrown [s\src\hotspot\share\oops\constantPool.cpp, line 873]
Event: 35482.044 Thread 0x000002679acdd0a0 Exception <a 'java/lang/NoClassDefFoundError'{0x0000000749420768}: org/springframework/session/jdbc/JdbcIndexedSessionRepository> (0x0000000749420768) 
thrown [s\src\hotspot\share\oops\constantPool.cpp, line 873]
Event: 35482.121 Thread 0x000002679acdd0a0 Exception <a 'java/io/FileNotFoundException'{0x0000000748d4d068}> (0x0000000748d4d068) 
thrown [s\src\hotspot\share\prims\jni.cpp, line 520]
Event: 35482.414 Thread 0x000002679acdd0a0 Exception <a 'java/io/FileNotFoundException'{0x000000074aee54e8}> (0x000000074aee54e8) 
thrown [s\src\hotspot\share\prims\jni.cpp, line 520]
Event: 35595.753 Thread 0x000002679acdafd0 Exception <a 'java/lang/InterruptedException'{0x000000074b5b6cf8}: sleep interrupted> (0x000000074b5b6cf8) 
thrown [s\src\hotspot\share\prims\jvm.cpp, line 3074]
Event: 35595.932 Thread 0x000002679bcab430 Exception <a 'sun/nio/fs/WindowsException'{0x000000074b69e918}> (0x000000074b69e918) 
thrown [s\src\hotspot\share\prims\jni.cpp, line 520]
Event: 35596.857 Thread 0x000002679bcab430 Exception <a 'java/lang/NoClassDefFoundError'{0x00000007497c4450}: org/flywaydb/core/Flyway> (0x00000007497c4450) 
thrown [s\src\hotspot\share\oops\constantPool.cpp, line 873]
Event: 35598.706 Thread 0x000002679bcab430 Exception <a 'java/lang/NoClassDefFoundError'{0x00000007497c4ab0}: liquibase/integration/spring/SpringLiquibase> (0x00000007497c4ab0) 
thrown [s\src\hotspot\share\oops\constantPool.cpp, line 873]
Event: 35598.726 Thread 0x000002679bcab430 Exception <a 'java/lang/NoClassDefFoundError'{0x0000000749441118}: org/jooq/DSLContext> (0x0000000749441118) 
thrown [s\src\hotspot\share\oops\constantPool.cpp, line 873]
Event: 35598.730 Thread 0x000002679bcab430 Exception <a 'java/lang/NoClassDefFoundError'{0x000000074944f6c0}: org/springframework/batch/core/repository/JobRepository> (0x000000074944f6c0) 
thrown [s\src\hotspot\share\oops\constantPool.cpp, line 873]
Event: 35598.731 Thread 0x000002679bcab430 Exception <a 'java/lang/NoClassDefFoundError'{0x000000074944fd18}: org/quartz/Scheduler> (0x000000074944fd18) 
thrown [s\src\hotspot\share\oops\constantPool.cpp, line 873]
Event: 35598.732 Thread 0x000002679bcab430 Exception <a 'java/lang/NoClassDefFoundError'{0x0000000749450398}: org/springframework/session/jdbc/JdbcIndexedSessionRepository> (0x0000000749450398) 
thrown [s\src\hotspot\share\oops\constantPool.cpp, line 873]
Event: 35598.916 Thread 0x000002679bcab430 Exception <a 'java/io/FileNotFoundException'{0x0000000748d97578}> (0x0000000748d97578) 
thrown [s\src\hotspot\share\prims\jni.cpp, line 520]
Event: 35599.664 Thread 0x000002679bcab430 Exception <a 'java/io/FileNotFoundException'{0x000000074afc38b8}> (0x000000074afc38b8) 
thrown [s\src\hotspot\share\prims\jni.cpp, line 520]

ZGC Phase Switch (0 events):
No events

VM Operations (20 events):
Event: 35769.329 Executing VM operation: get/set locals
Event: 35769.329 Executing VM operation: get/set locals done
Event: 35769.329 Executing VM operation: get/set locals
Event: 35769.329 Executing VM operation: get/set locals done
Event: 35769.330 Executing VM operation: get/set locals
Event: 35769.330 Executing VM operation: get/set locals done
Event: 35769.330 Executing VM operation: get/set locals
Event: 35769.330 Executing VM operation: get/set locals done
Event: 35769.330 Executing VM operation: get/set locals
Event: 35769.330 Executing VM operation: get/set locals done
Event: 35769.331 Executing VM operation: get/set locals
Event: 35769.331 Executing VM operation: get/set locals done
Event: 35769.331 Executing VM operation: get/set locals
Event: 35769.331 Executing VM operation: get/set locals done
Event: 35770.023 Executing VM operation: get/set locals
Event: 35770.023 Executing VM operation: get/set locals done
Event: 35770.023 Executing VM operation: get/set locals
Event: 35770.023 Executing VM operation: get/set locals done
Event: 35775.039 Executing VM operation: get/set locals
Event: 35775.039 Executing VM operation: get/set locals done

Events (20 events):
Event: 35686.299 Thread 0x000002679acdddc0 Thread exited: 0x000002679acdddc0
Event: 35690.625 Thread 0x000002679acdd0a0 Thread exited: 0x000002679acdd0a0
Event: 35769.934 Thread 0x000002679acdddc0 Thread added: 0x000002679acdddc0
Event: 35769.934 Thread 0x0000026799e3fa00 Thread exited: 0x0000026799e3fa00
Event: 35769.939 Thread 0x000002679acdb660 Thread exited: 0x000002679acdb660
Event: 35769.939 Thread 0x0000026799e41ad0 Thread exited: 0x0000026799e41ad0
Event: 35769.940 Thread 0x0000026799e42e80 Thread exited: 0x0000026799e42e80
Event: 35769.940 Thread 0x0000026799e41440 Thread exited: 0x0000026799e41440
Event: 35769.940 Thread 0x0000026799e40db0 Thread exited: 0x0000026799e40db0
Event: 35769.941 Thread 0x0000026799e455e0 Thread exited: 0x0000026799e455e0
Event: 35769.941 Thread 0x0000026799e40090 Thread exited: 0x0000026799e40090
Event: 35769.945 Thread 0x0000026799e427f0 Thread exited: 0x0000026799e427f0
Event: 35769.952 Thread 0x0000026799e448c0 Thread exited: 0x0000026799e448c0
Event: 35769.954 Thread 0x0000026799e44230 Thread exited: 0x0000026799e44230
Event: 35769.955 Thread 0x0000026799e42160 Thread exited: 0x0000026799e42160
Event: 35774.948 Thread 0x000002679acdd0a0 Thread added: 0x000002679acdd0a0
Event: 35774.949 Thread 0x000002679bcabac0 Thread exited: 0x000002679bcabac0
Event: 35774.950 Thread 0x000002679acdd730 Thread added: 0x000002679acdd730
Event: 35774.952 Thread 0x000002679acdd730 Thread exited: 0x000002679acdd730
Event: 35774.956 Thread 0x000002679acdd0a0 Thread exited: 0x000002679acdd0a0


Dynamic libraries:
0x00007ff757930000 - 0x00007ff75793e000 	C:\Users\rahul\Downloads\sts-4.24.0.RELEASE\plugins\org.eclipse.justj.openjdk.hotspot.jre.full.win32.x86_64_21.0.3.v20240426-1530\jre\bin\javaw.exe
0x00007ffe948b0000 - 0x00007ffe94ac7000 	C:\WINDOWS\SYSTEM32\ntdll.dll
0x00007ffe93cf0000 - 0x00007ffe93db4000 	C:\WINDOWS\System32\KERNEL32.DLL
0x00007ffe92120000 - 0x00007ffe924cd000 	C:\WINDOWS\System32\KERNELBASE.dll
0x00007ffe91c80000 - 0x00007ffe91d91000 	C:\WINDOWS\System32\ucrtbase.dll
0x00007ffe5dcf0000 - 0x00007ffe5dd08000 	C:\Users\rahul\Downloads\sts-4.24.0.RELEASE\plugins\org.eclipse.justj.openjdk.hotspot.jre.full.win32.x86_64_21.0.3.v20240426-1530\jre\bin\jli.dll
0x00007ffe946c0000 - 0x00007ffe9486e000 	C:\WINDOWS\System32\USER32.dll
0x00007ffe920f0000 - 0x00007ffe92116000 	C:\WINDOWS\System32\win32u.dll
0x00007ffe93ca0000 - 0x00007ffe93cc9000 	C:\WINDOWS\System32\GDI32.dll
0x00007ffe91fd0000 - 0x00007ffe920e9000 	C:\WINDOWS\System32\gdi32full.dll
0x00007ffe91be0000 - 0x00007ffe91c7a000 	C:\WINDOWS\System32\msvcp_win.dll
0x00007ffe5cc50000 - 0x00007ffe5cc6b000 	C:\Users\rahul\Downloads\sts-4.24.0.RELEASE\plugins\org.eclipse.justj.openjdk.hotspot.jre.full.win32.x86_64_21.0.3.v20240426-1530\jre\bin\VCRUNTIME140.dll
0x00007ffe7eeb0000 - 0x00007ffe7f143000 	C:\WINDOWS\WinSxS\amd64_microsoft.windows.common-controls_6595b64144ccf1df_6.0.22621.3672_none_2713b9d173822955\COMCTL32.dll
0x00007ffe94350000 - 0x00007ffe943f7000 	C:\WINDOWS\System32\msvcrt.dll
0x00007ffe94310000 - 0x00007ffe94341000 	C:\WINDOWS\System32\IMM32.DLL
0x00007ffe7e420000 - 0x00007ffe7e42c000 	C:\Users\rahul\Downloads\sts-4.24.0.RELEASE\plugins\org.eclipse.justj.openjdk.hotspot.jre.full.win32.x86_64_21.0.3.v20240426-1530\jre\bin\vcruntime140_1.dll
0x00007ffe38560000 - 0x00007ffe385ee000 	C:\Users\rahul\Downloads\sts-4.24.0.RELEASE\plugins\org.eclipse.justj.openjdk.hotspot.jre.full.win32.x86_64_21.0.3.v20240426-1530\jre\bin\msvcp140.dll
0x00007ffe29100000 - 0x00007ffe29e82000 	C:\Users\rahul\Downloads\sts-4.24.0.RELEASE\plugins\org.eclipse.justj.openjdk.hotspot.jre.full.win32.x86_64_21.0.3.v20240426-1530\jre\bin\server\jvm.dll
0x00007ffe93360000 - 0x00007ffe93412000 	C:\WINDOWS\System32\ADVAPI32.dll
0x00007ffe92c50000 - 0x00007ffe92cf9000 	C:\WINDOWS\System32\sechost.dll
0x00007ffe925c0000 - 0x00007ffe925e8000 	C:\WINDOWS\System32\bcrypt.dll
0x00007ffe92ef0000 - 0x00007ffe93004000 	C:\WINDOWS\System32\RPCRT4.dll
0x00007ffe94590000 - 0x00007ffe94601000 	C:\WINDOWS\System32\WS2_32.dll
0x00007ffe90f90000 - 0x00007ffe90fdd000 	C:\WINDOWS\SYSTEM32\POWRPROF.dll
0x00007ffe8c730000 - 0x00007ffe8c764000 	C:\WINDOWS\SYSTEM32\WINMM.dll
0x00007ffe8afd0000 - 0x00007ffe8afda000 	C:\WINDOWS\SYSTEM32\VERSION.dll
0x00007ffe90ef0000 - 0x00007ffe90f03000 	C:\WINDOWS\SYSTEM32\UMPDC.dll
0x00007ffe90c80000 - 0x00007ffe90c98000 	C:\WINDOWS\SYSTEM32\kernel.appcore.dll
0x00007ffe7e440000 - 0x00007ffe7e44a000 	C:\Users\rahul\Downloads\sts-4.24.0.RELEASE\plugins\org.eclipse.justj.openjdk.hotspot.jre.full.win32.x86_64_21.0.3.v20240426-1530\jre\bin\jimage.dll
0x00007ffe8ece0000 - 0x00007ffe8ef12000 	C:\WINDOWS\SYSTEM32\DBGHELP.DLL
0x00007ffe93f80000 - 0x00007ffe94308000 	C:\WINDOWS\System32\combase.dll
0x00007ffe94400000 - 0x00007ffe944d7000 	C:\WINDOWS\System32\OLEAUT32.dll
0x00007ffe711c0000 - 0x00007ffe711f2000 	C:\WINDOWS\SYSTEM32\dbgcore.DLL
0x00007ffe924d0000 - 0x00007ffe9254b000 	C:\WINDOWS\System32\bcryptPrimitives.dll
0x00007ffe78c30000 - 0x00007ffe78c6c000 	C:\Users\rahul\Downloads\sts-4.24.0.RELEASE\plugins\org.eclipse.justj.openjdk.hotspot.jre.full.win32.x86_64_21.0.3.v20240426-1530\jre\bin\jdwp.dll
0x00007ffe89110000 - 0x00007ffe8911f000 	C:\Users\rahul\Downloads\sts-4.24.0.RELEASE\plugins\org.eclipse.justj.openjdk.hotspot.jre.full.win32.x86_64_21.0.3.v20240426-1530\jre\bin\instrument.dll
0x00007ffe365b0000 - 0x00007ffe365cf000 	C:\Users\rahul\Downloads\sts-4.24.0.RELEASE\plugins\org.eclipse.justj.openjdk.hotspot.jre.full.win32.x86_64_21.0.3.v20240426-1530\jre\bin\java.dll
0x00007ffe31660000 - 0x00007ffe31678000 	C:\Users\rahul\Downloads\sts-4.24.0.RELEASE\plugins\org.eclipse.justj.openjdk.hotspot.jre.full.win32.x86_64_21.0.3.v20240426-1530\jre\bin\zip.dll
0x00007ffe93420000 - 0x00007ffe93c7f000 	C:\WINDOWS\System32\SHELL32.dll
0x00007ffe8fb30000 - 0x00007ffe9042c000 	C:\WINDOWS\SYSTEM32\windows.storage.dll
0x00007ffe8f9f0000 - 0x00007ffe8fb2f000 	C:\WINDOWS\SYSTEM32\wintypes.dll
0x00007ffe93070000 - 0x00007ffe93164000 	C:\WINDOWS\System32\SHCORE.dll
0x00007ffe93010000 - 0x00007ffe9306e000 	C:\WINDOWS\System32\shlwapi.dll
0x00007ffe91b10000 - 0x00007ffe91b31000 	C:\WINDOWS\SYSTEM32\profapi.dll
0x00007ffe86bf0000 - 0x00007ffe86bfb000 	C:\Users\rahul\Downloads\sts-4.24.0.RELEASE\plugins\org.eclipse.justj.openjdk.hotspot.jre.full.win32.x86_64_21.0.3.v20240426-1530\jre\bin\dt_socket.dll
0x00007ffe906d0000 - 0x00007ffe906fd000 	C:\WINDOWS\SYSTEM32\IPHLPAPI.DLL
0x00007ffe91170000 - 0x00007ffe911d9000 	C:\WINDOWS\system32\mswsock.dll
0x00007ffe90700000 - 0x00007ffe907f8000 	C:\WINDOWS\SYSTEM32\DNSAPI.dll
0x00007ffe93350000 - 0x00007ffe93359000 	C:\WINDOWS\System32\NSI.dll
0x00007ffe8aef0000 - 0x00007ffe8aefa000 	C:\Windows\System32\rasadhlp.dll
0x00007ffe8d290000 - 0x00007ffe8d313000 	C:\WINDOWS\System32\fwpuclnt.dll
0x00007ffe61cc0000 - 0x00007ffe61cd0000 	C:\Users\rahul\Downloads\sts-4.24.0.RELEASE\plugins\org.eclipse.justj.openjdk.hotspot.jre.full.win32.x86_64_21.0.3.v20240426-1530\jre\bin\net.dll
0x00007ffe8e2a0000 - 0x00007ffe8e3d6000 	C:\WINDOWS\SYSTEM32\WINHTTP.dll
0x00007ffe2ba90000 - 0x00007ffe2baa6000 	C:\Users\rahul\Downloads\sts-4.24.0.RELEASE\plugins\org.eclipse.justj.openjdk.hotspot.jre.full.win32.x86_64_21.0.3.v20240426-1530\jre\bin\nio.dll
0x00007ffe68000000 - 0x00007ffe6800a000 	C:\Users\rahul\Downloads\sts-4.24.0.RELEASE\plugins\org.eclipse.justj.openjdk.hotspot.jre.full.win32.x86_64_21.0.3.v20240426-1530\jre\bin\management.dll
0x00007ffe61aa0000 - 0x00007ffe61aab000 	C:\Users\rahul\Downloads\sts-4.24.0.RELEASE\plugins\org.eclipse.justj.openjdk.hotspot.jre.full.win32.x86_64_21.0.3.v20240426-1530\jre\bin\management_ext.dll
0x00007ffe93170000 - 0x00007ffe93178000 	C:\WINDOWS\System32\PSAPI.DLL
0x00007ffe69890000 - 0x00007ffe698a7000 	C:\WINDOWS\system32\napinsp.dll
0x00007ffe69870000 - 0x00007ffe6988b000 	C:\WINDOWS\system32\pnrpnsp.dll
0x00007ffe69850000 - 0x00007ffe69861000 	C:\WINDOWS\System32\winrnr.dll
0x00007ffe69830000 - 0x00007ffe69845000 	C:\WINDOWS\system32\wshbth.dll
0x00007ffe69790000 - 0x00007ffe697b7000 	C:\WINDOWS\system32\nlansp_c.dll
0x00007ffe913d0000 - 0x00007ffe913eb000 	C:\WINDOWS\SYSTEM32\CRYPTSP.dll
0x00007ffe90be0000 - 0x00007ffe90c15000 	C:\WINDOWS\system32\rsaenh.dll
0x00007ffe91270000 - 0x00007ffe91298000 	C:\WINDOWS\SYSTEM32\USERENV.dll
0x00007ffe913f0000 - 0x00007ffe913fc000 	C:\WINDOWS\SYSTEM32\CRYPTBASE.dll
0x00007ffe869e0000 - 0x00007ffe869e9000 	C:\Users\rahul\Downloads\sts-4.24.0.RELEASE\plugins\org.eclipse.justj.openjdk.hotspot.jre.full.win32.x86_64_21.0.3.v20240426-1530\jre\bin\extnet.dll
0x00007ffe61b90000 - 0x00007ffe61ba0000 	C:\Users\rahul\Downloads\sts-4.24.0.RELEASE\plugins\org.eclipse.justj.openjdk.hotspot.jre.full.win32.x86_64_21.0.3.v20240426-1530\jre\bin\verify.dll
0x00007ffe8dca0000 - 0x00007ffe8dcae000 	C:\Users\rahul\Downloads\sts-4.24.0.RELEASE\plugins\org.eclipse.justj.openjdk.hotspot.jre.full.win32.x86_64_21.0.3.v20240426-1530\jre\bin\sunmscapi.dll
0x00007ffe91da0000 - 0x00007ffe91f07000 	C:\WINDOWS\System32\CRYPT32.dll
0x00007ffe91570000 - 0x00007ffe9159e000 	C:\WINDOWS\SYSTEM32\ncrypt.dll
0x00007ffe91530000 - 0x00007ffe91567000 	C:\WINDOWS\SYSTEM32\NTASN1.dll
0x00007ffe6ed60000 - 0x00007ffe6ed68000 	C:\WINDOWS\system32\wshunix.dll

dbghelp: loaded successfully - version: 4.0.5 - missing functions: none
symbol engine: initialized successfully - sym options: 0x614 - pdb path: .;C:\Users\rahul\Downloads\sts-4.24.0.RELEASE\plugins\org.eclipse.justj.openjdk.hotspot.jre.full.win32.x86_64_21.0.3.v20240426-1530\jre\bin;C:\WINDOWS\SYSTEM32;C:\WINDOWS\WinSxS\amd64_microsoft.windows.common-controls_6595b64144ccf1df_6.0.22621.3672_none_2713b9d173822955;C:\Users\rahul\Downloads\sts-4.24.0.RELEASE\plugins\org.eclipse.justj.openjdk.hotspot.jre.full.win32.x86_64_21.0.3.v20240426-1530\jre\bin\server

VM Arguments:
jvm_args: -XX:+ShowCodeDetailsInExceptionMessages -agentlib:jdwp=transport=dt_socket,suspend=y,address=localhost:50120 -Dcom.sun.management.jmxremote -Dcom.sun.management.jmxremote.port=50119 -Dcom.sun.management.jmxremote.authenticate=false -Dcom.sun.management.jmxremote.ssl=false -Djava.rmi.server.hostname=localhost -Dspring.jmx.enabled=true -Dmanagement.endpoints.jmx.exposure.include=* -Dspring.application.admin.enabled=true -XX:TieredStopAtLevel=1 -Dspring.boot.project.name=javaApi -javaagent:C:\Users\rahul\Downloads\sts-4.24.0.RELEASE\configuration\org.eclipse.osgi\270\0\.cp\lib\javaagent-shaded.jar -Dfile.encoding=UTF-8 -Dstdout.encoding=UTF-8 -Dstderr.encoding=UTF-8 
java_command: com.app.JavaApiApplication --spring.output.ansi.enabled=always
java_class_path (initial): E:\Demo\Temp\javaApi\target\classes;C:\Users\rahul\.m2\repository\org\springframework\boot\spring-boot-starter-data-jpa\3.3.2\spring-boot-starter-data-jpa-3.3.2.jar;C:\Users\rahul\.m2\repository\org\springframework\boot\spring-boot-starter-aop\3.3.2\spring-boot-starter-aop-3.3.2.jar;C:\Users\rahul\.m2\repository\org\aspectj\aspectjweaver\1.9.22.1\aspectjweaver-1.9.22.1.jar;C:\Users\rahul\.m2\repository\org\springframework\boot\spring-boot-starter-jdbc\3.3.2\spring-boot-starter-jdbc-3.3.2.jar;C:\Users\rahul\.m2\repository\com\zaxxer\HikariCP\5.1.0\HikariCP-5.1.0.jar;C:\Users\rahul\.m2\repository\org\springframework\spring-jdbc\6.1.11\spring-jdbc-6.1.11.jar;C:\Users\rahul\.m2\repository\org\hibernate\orm\hibernate-core\6.5.2.Final\hibernate-core-6.5.2.Final.jar;C:\Users\rahul\.m2\repository\jakarta\persistence\jakarta.persistence-api\3.1.0\jakarta.persistence-api-3.1.0.jar;C:\Users\rahul\.m2\repository\jakarta\transaction\jakarta.transaction-api\2.0.1\jakarta.transaction-api-2.0.1.jar;C:\Users\rahul\.m2\repository\org\jboss\logging\jboss-logging\3.5.3.Final\jboss-logging-3.5.3.Final.jar;C:\Users\rahul\.m2\repository\org\hibernate\common\hibernate-commons-annotations\6.0.6.Final\hibernate-commons-annotations-6.0.6.Final.jar;C:\Users\rahul\.m2\repository\io\smallrye\jandex\3.1.2\jandex-3.1.2.jar;C:\Users\rahul\.m2\repository\com\fasterxml\classmate\1.7.0\classmate-1.7.0.jar;C:\Users\rahul\.m2\repository\net\bytebuddy\byte-buddy\1.14.18\byte-buddy-1.14.18.jar;C:\Users\rahul\.m2\repository\jakarta\inject\jakarta.inject-api\2.0.1\jakarta.inject-api-2.0.1.jar;C:\Users\rahul\.m2\repository\org\antlr\antlr4-runtime\4.13.0\antlr4-runtime-4.13.0.jar;C:\Users\rahul\.m2\repository\org\springframework\data\spring-data-jpa\3.3.2\spring-data-jpa-3.3.2.jar;C:\Users\rahul\.m2\repository\org\springframework\data\spring-data-commons\3.3.2\spring-data-commons-3.3.2.jar;C:\Users\rahul\.m2\repository\org\springframework\spring-orm\6.1.11\spring-orm-6.1.11.jar;C:\Users\rahul\.m2\repository\org\springframework\spring-context\6.1.11\spring-context-6.1.11.jar;C:\Users\rahul\.m2\repository\org\springframework\spring-tx\6.1.11\spring-tx-6.1.11.jar;C:\Users\rahul\.m2\repository\org\springframework\spring-beans\6.1.11\spring-beans-6.1.11.jar;C:\Users\rahul\.m2\repository\jakarta\annotation\jakarta.annotation-api\2.1.1\jakarta.annotation-api-2.1.1.jar;C:\Users\rahul\.m2\repository\org\slf4j\slf4j-api\2.0.13\slf4j-api-2.0.13.jar;C:\Users\rahul\.m2\repository\org\springframework\spring-aspects\6.1.11\spring-aspects-6.1.11.jar;C:\Users\rahul\.m2\repository\org\springframework\boot\spring-boot-starter-security\3.3.2\spring-boot-starter-security-3.3.2.jar;C:\Users\rahul\.m2\repository\org\springframework\boot\spring-boot-starter\3.3.2\spring-boot-starter-3.3.2.jar;C:\Users\rahul\.m2\repository\org\springframework\boot\spring-boot-starter-logging\3.3.2\spring-boot-starter-logging-3.3.2.jar;C:\Users\rahul\.m2\repository\ch\qos\logback\logback-classic\1.5.6\logback-classic-1.5.6.jar;C:\Users\rahul\.m2\repository\ch\qos\logback\logback-core\1.5.6\logback-core-1.5.6.jar;C:\Users\rahul\.m2\repository\org\apache\logging\log4j\log4j-to-slf4j\2.23.1\log4j-to-slf4j-2.23.1.jar;C:\Users\rahul\.m2\repository\org\apache\logging\log4j\log4j-api\2.23.1\log4j-api-2.23.1.jar;C:\Users\rahul\.m2\repository\org\slf4j\jul-to-slf4j\2.0.13\jul-to-slf4j-2.0.13.jar;C:\Users\rahul\.m2\repository\org\yaml\snakeyaml\2.2\snakeyaml-2.2.jar;C:\Users\rahul\.m2\repository\org\springframework\spring-aop\6.1.11\spring-aop-6.1.11.jar;C:\Users\rahul\.m2\repository\org\springframework\security\spring-security-config\6.3.1\spring-security-config-6.3.1.jar;C:\Users\rahul\.m2\repository\org\springframework\security\spring-security-web\6.3.1\spring-security-web-6.3.1.jar;C:\Users\rahul\.m2\repository\org\springframework\spring-expression\6.1.11\spring-expression-6.1.11.jar;C:\Users\rahul\.m2\repository\org\springframework\boot\spring-boot-starter-validation\3.3.2\spring-boot-starter-validation-3.3.2.jar;C:\Users\rahul\.m2\repository\org\apache\tomcat\embed\tomcat-embed-el\10.1.26\tomcat-embed-el-10.1.26.jar;C:\Users\rahul\.m2\repository\org\hibernate\validator\hibernate-validator\8.0.1.Final\hibernate-validator-8.0.1.Final.jar;C:\Users\rahul\.m2\repository\jakarta\validation\jakarta.validation-api\3.0.2\jakarta.validation-api-3.0.2.jar;C:\Users\rahul\.m2\repository\org\springframework\boot\spring-boot-starter-web\3.3.2\spring-boot-starter-web-3.3.2.jar;C:\Users\rahul\.m2\repository\org\springframework\boot\spring-boot-starter-json\3.3.2\spring-boot-starter-json-3.3.2.jar;C:\Users\rahul\.m2\repository\com\fasterxml\jackson\datatype\jackson-datatype-jdk8\2.17.2\jackson-datatype-jdk8-2.17.2.jar;C:\Users\rahul\.m2\repository\com\fasterxml\jackson\datatype\jackson-datatype-jsr310\2.17.2\jackson-datatype-jsr310-2.17.2.jar;C:\Users\rahul\.m2\repository\com\fasterxml\jackson\module\jackson-module-parameter-names\2.17.2\jackson-module-parameter-names-2.17.2.jar;C:\Users\rahul\.m2\repository\org\springframework\boot\spring-boot-starter-tomcat\3.3.2\spring-boot-starter-tomcat-3.3.2.jar;C:\Users\rahul\.m2\repository\org\apache\tomcat\embed\tomcat-embed-core\10.1.26\tomcat-embed-core-10.1.26.jar;C:\Users\rahul\.m2\repository\org\apache\tomcat\embed\tomcat-embed-websocket\10.1.26\tomcat-embed-websocket-10.1.26.jar;C:\Users\rahul\.m2\repository\org\springframework\spring-web\6.1.11\spring-web-6.1.11.jar;C:\Users\rahul\.m2\repository\io\micrometer\micrometer-observation\1.13.2\micrometer-observation-1.13.2.jar;C:\Users\rahul\.m2\repository\io\micrometer\micrometer-commons\1.13.2\micrometer-commons-1.13.2.jar;C:\Users\rahul\.m2\repository\org\springframework\spring-webmvc\6.1.11\spring-webmvc-6.1.11.jar;C:\Users\rahul\.m2\repository\org\springframework\boot\spring-boot-devtools\3.3.2\spring-boot-devtools-3.3.2.jar;C:\Users\rahul\.m2\repository\org\springframework\boot\spring-boot\3.3.2\spring-boot-3.3.2.jar;C:\Users\rahul\.m2\repository\org\springframework\boot\spring-boot-autoconfigure\3.3.2\spring-boot-autoconfigure-3.3.2.jar;C:\Users\rahul\.m2\repository\com\mysql\mysql-connector-j\8.3.0\mysql-connector-j-8.3.0.jar;C:\Users\rahul\.m2\repository\org\projectlombok\lombok\1.18.34\lombok-1.18.34.jar;C:\Users\rahul\.m2\repository\jakarta\xml\bind\jakarta.xml.bind-api\4.0.2\jakarta.xml.bind-api-4.0.2.jar;C:\Users\rahul\.m2\repository\jakarta\activation\jakarta.activation-api\2.1.3\jakarta.activation-api-2.1.3.jar;C:\Users\rahul\.m2\repository\org\springframework\spring-core\6.1.11\spring-core-6.1.11.jar;C:\Users\rahul\.m2\repository\org\springframework\spring-jcl\6.1.11\spring-jcl-6.1.11.jar;C:\Users\rahul\.m2\repository\org\springframework\security\spring-security-core\6.3.1\spring-security-core-6.3.1.jar;C:\Users\rahul\.m2\repository\org\springframework\security\spring-security-crypto\6.3.1\spring-security-crypto-6.3.1.jar;C:\Users\rahul\.m2\repository\io\jsonwebtoken\jjwt\0.9.1\jjwt-0.9.1.jar;C:\Users\rahul\.m2\repository\com\fasterxml\jackson\core\jackson-databind\2.17.2\jackson-databind-2.17.2.jar;C:\Users\rahul\.m2\repository\com\fasterxml\jackson\core\jackson-annotations\2.17.2\jackson-annotations-2.17.2.jar;C:\Users\rahul\.m2\repository\com\fasterxml\jackson\core\jackson-core\2.17.2\jackson-core-2.17.2.jar;C:\Users\rahul\.m2\repository\org\springdoc\springdoc-openapi-starter-webmvc-ui\2.1.0\springdoc-openapi-starter-webmvc-ui-2.1.0.jar;C:\Users\rahul\.m2\repository\org\springdoc\springdoc-openapi-starter-webmvc-api\2.1.0\springdoc-openapi-starter-webmvc-api-2.1.0.jar;C:\Users\rahul\.m2\repository\org\springdoc\springdoc-openapi-starter-common\2.1.0\springdoc-openapi-starter-common-2.1.0.jar;C:\Users\rahul\.m2\repository\io\swagger\core\v3\swagger-core-jakarta\2.2.9\swagger-core-jakarta-2.2.9.jar;C:\Users\rahul\.m2\repository\org\apache\commons\commons-lang3\3.14.0\commons-lang3-3.14.0.jar;C:\Users\rahul\.m2\repository\io\swagger\core\v3\swagger-annotations-jakarta\2.2.9\swagger-annotations-jakarta-2.2.9.jar;C:\Users\rahul\.m2\repository\io\swagger\core\v3\swagger-models-jakarta\2.2.9\swagger-models-jakarta-2.2.9.jar;C:\Users\rahul\.m2\repository\com\fasterxml\jackson\dataformat\jackson-dataformat-yaml\2.17.2\jackson-dataformat-yaml-2.17.2.jar;C:\Users\rahul\.m2\repository\org\webjars\swagger-ui\4.18.2\swagger-ui-4.18.2.jar;C:\Users\rahul\.m2\repository\org\modelmapper\modelmapper\3.1.0\modelmapper-3.1.0.jar;C:\Users\rahul\.m2\repository\javax\xml\bind\jaxb-api\2.3.1\jaxb-api-2.3.1.jar;C:\Users\rahul\.m2\repository\javax\activation\javax.activation-api\1.2.0\javax.activation-api-1.2.0.jar;C:\Users\rahul\.m2\repository\org\glassfish\jaxb\jaxb-runtime\2.3.3\jaxb-runtime-2.3.3.jar;C:\Users\rahul\.m2\repository\org\glassfish\jaxb\txw2\4.0.5\txw2-4.0.5.jar;C:\Users\rahul\.m2\repository\com\sun\istack\istack-commons-runtime\4.1.2\istack-commons-runtime-4.1.2.jar;C:\Users\rahul\.m2\repository\com\sun\activation\jakarta.activation\1.2.2\jakarta.activation-1.2.2.jar
Launcher Type: SUN_STANDARD

[Global flags]
     intx CICompilerCount                          = 3                                         {product} {ergonomic}
     uint ConcGCThreads                            = 1                                         {product} {ergonomic}
     uint G1ConcRefinementThreads                  = 4                                         {product} {ergonomic}
   size_t G1HeapRegionSize                         = 2097152                                   {product} {ergonomic}
    uintx GCDrainStackTargetSize                   = 64                                        {product} {ergonomic}
   size_t InitialHeapSize                          = 197132288                                 {product} {ergonomic}
     bool ManagementServer                         = true                                      {product} {command line}
   size_t MarkStackSize                            = 4194304                                   {product} {ergonomic}
   size_t MaxHeapSize                              = 3141533696                                {product} {ergonomic}
   size_t MaxNewSize                               = 1883242496                                {product} {ergonomic}
   size_t MinHeapDeltaBytes                        = 2097152                                   {product} {ergonomic}
   size_t MinHeapSize                              = 8388608                                   {product} {ergonomic}
    uintx NonNMethodCodeHeapSize                   = 4096                                   {pd product} {ergonomic}
    uintx NonProfiledCodeHeapSize                  = 0                                      {pd product} {ergonomic}
     bool ProfileInterpreter                       = false                                  {pd product} {command line}
    uintx ProfiledCodeHeapSize                     = 0                                      {pd product} {ergonomic}
     bool ShowCodeDetailsInExceptionMessages       = true                                   {manageable} {command line}
   size_t SoftMaxHeapSize                          = 3141533696                             {manageable} {ergonomic}
     intx TieredStopAtLevel                        = 1                                         {product} {command line}
     bool UseCompressedOops                        = true                           {product lp64_product} {ergonomic}
     bool UseG1GC                                  = true                                      {product} {ergonomic}
     bool UseLargePagesIndividualAllocation        = false                                  {pd product} {ergonomic}

Logging:
Log output configuration:
 #0: stdout all=warning uptime,level,tags foldmultilines=false
 #1: stderr all=off uptime,level,tags foldmultilines=false

Environment Variables:
CLASSPATH=D:\CDAC\OOP with Java\Day 1\bin
PATH=C:\Users\rahul\Downloads\sts-4.24.0.RELEASE\plugins\org.eclipse.justj.openjdk.hotspot.jre.full.win32.x86_64_21.0.3.v20240426-1530\jre\bin;C:/Users/rahul/Downloads/sts-4.24.0.RELEASE//plugins/org.eclipse.justj.openjdk.hotspot.jre.full.win32.x86_64_21.0.3.v20240426-1530/jre/bin/server;C:/Users/rahul/Downloads/sts-4.24.0.RELEASE//plugins/org.eclipse.justj.openjdk.hotspot.jre.full.win32.x86_64_21.0.3.v20240426-1530/jre/bin;C:\Program Files\Java\jdk-11.0.16\bin;C:\Program Files\Common Files\Oracle\Java\javapath;C:\Python312\Scripts\;C:\Python312\;C:\Program Files\Eclipse Adoptium\jdk-11.0.14.9-hotspot\bin;C:\Python310\Scripts\;C:\Python310\;C:\WINDOWS\system32;C:\WINDOWS;C:\WINDOWS\System32\Wbem;C:\WINDOWS\System32\WindowsPowerShell\v1.0\;C:\WINDOWS\System32\OpenSSH\;C:\TDM-GCC-32\bin;C:\Program Files\Git\cmd;D:\Ubuntu\;C:\ProgramData\chocolatey\bin;C:\Program Files\PuTTY\;C:\Program Files\Microsoft SQL Server\150\Tools\Binn\;C:\Program Files\Microsoft SQL Server\Client SDK\ODBC\170\Tools\Binn\;C:\Program Files\dotnet\;C:\Windows\Microsoft.NET\Framework64\v4.0.30319;C:\WINDOWS\system32;C:\WINDOWS;C:\WINDOWS\System32\Wbem;C:\WINDOWS\System32\WindowsPowerShell\v1.0\;C:\WINDOWS\System32\OpenSSH\;C:\Program Files (x86)\Microsoft SQL Server\160\DTS\Binn\;C:\Program Files\Azure Data Studio\bin;C:\Program Files (x86)\Microsoft SQL Server\160\Tools\Binn\;C:\Program Files\Microsoft SQL Server\160\Tools\Binn\;C:\Program Files\Microsoft SQL Server\160\DTS\Binn\;C:\Program Files\nodejs\;C:\Program Files\MySQL\MySQL Shell 8.0\bin\;C:\Users\rahul\AppData\Local\Microsoft\WindowsApps;C:\Program Files\MongoDB\Server\5.0\bin;D:\SQL\mongodb-database-tools-windows-x86_64-100.5.2\mongodb-database-tools-windows-x86_64-100.5.2\bin;C:\Users\rahul\AppData\Local\Programs\Microsoft VS Code\bin;C:\Program Files\JetBrains\IntelliJ IDEA Community Edition 2022.1.4\bin;C:\Program Files\Eclipse Adoptium\jdk-11.0.14.9-hotspot\bin;;C:\Program Files\Git\bin;C:\Users\rahul\.m2\repository\apache-maven-3.8.6-src\apache-maven-3.8.6\apache-maven\src\bin;C:\Users\rahul\.dotnet\tools;C:\Users\rahul\AppData\Local\GitHubDesktop\bin;C:\Program Files\heroku\bin;;C:\Program Files\Azure Data Studio\bin;C:\Users\rahul\AppData\Roaming\npm;C:\Users\rahul\Downloads\sts-4.24.0.RELEASE;
USERNAME=Omkar
OS=Windows_NT
PROCESSOR_IDENTIFIER=Intel64 Family 6 Model 140 Stepping 1, GenuineIntel
TMP=C:\Users\rahul\AppData\Local\Temp
TEMP=C:\Users\rahul\AppData\Local\Temp




Periodic native trim disabled

---------------  S Y S T E M  ---------------

OS:
 Windows 11 , 64 bit Build 22621 (10.0.22621.3672)
OS uptime: 1 days 11:51 hours

CPU: total 4 (initial active 4) (2 cores per cpu, 2 threads per core) family 6 model 140 stepping 1 microcode 0x9a, cx8, cmov, fxsr, ht, mmx, 3dnowpref, sse, sse2, sse3, ssse3, sse4.1, sse4.2, popcnt, lzcnt, tsc, tscinvbit, avx, avx2, aes, erms, clmul, bmi1, bmi2, adx, avx512f, avx512dq, avx512cd, avx512bw, avx512vl, sha, fma, vzeroupper, avx512_vpopcntdq, avx512_vpclmulqdq, avx512_vaes, avx512_vnni, clflush, clflushopt, clwb, avx512_vbmi2, avx512_vbmi, rdtscp, rdpid, fsrm, gfni, avx512_bitalg, f16c, pku, cet_ibt, cet_ss, avx512_ifma
Processor Information for processor 0
  Max Mhz: 2995, Current Mhz: 2995, Mhz Limit: 2995
Processor Information for processor 1
  Max Mhz: 2995, Current Mhz: 2995, Mhz Limit: 2995
Processor Information for processor 2
  Max Mhz: 2995, Current Mhz: 2995, Mhz Limit: 2995
Processor Information for processor 3
  Max Mhz: 2995, Current Mhz: 998, Mhz Limit: 2995

Memory: 4k page, system-wide physical 11982M (1768M free)
TotalPageFile size 22734M (AvailPageFile size 3254M)
current process WorkingSet (physical memory assigned to process): 313M, peak: 336M
current process commit charge ("private bytes"): 336M, peak: 367M

vm_info: OpenJDK 64-Bit Server VM (21.0.3+9-LTS) for windows-amd64 JRE (21.0.3+9-LTS), built on 2024-04-16T00:00:00Z by "admin" with MS VC++ 17.7 (VS2022)

END.
